0 silly argv {
0 silly argv   _: [ 'version' ],
0 silly argv   push: false,
0 silly argv   exact: true,
0 silly argv   yes: true,
0 silly argv   y: true,
0 silly argv   lernaVersion: '7.4.2',
0 silly argv   '$0': 'node_modules/.bin/lerna',
0 silly argv   bump: '6.0.0'
0 silly argv }
1 notice cli v7.4.2
2 verbose packageConfigs Explicit "packages" configuration found in lerna.json. Resolving packages using the configured glob(s): ["packages/*"]
3 verbose rootPath /home/moritz/workspaces/ioBroker.admin
4 info versioning independent
5 silly isAnythingCommitted
6 verbose isAnythingCommitted 1
7 silly getCurrentBranch
8 verbose currentBranch monorepo
9 silly hasTags
10 verbose hasTags true
11 silly git-describe.sync "v6.12.4-18-gfbc7ad15" => {"lastTagName":"v6.12.4","lastVersion":"v6.12.4","refCount":"18","sha":"fbc7ad15","isDirty":false}
12 info Looking for changed packages since v6.12.4
13 silly checking diff packages/admin
14 silly found diff in packages/admin/CHANGELOG_OLD.md
14 silly found diff in packages/admin/DEVELOPER.md
14 silly found diff in packages/admin/LICENSE
14 silly found diff in packages/admin/README.md
14 silly found diff in packages/admin/admin/admin.png
14 silly found diff in packages/admin/admin/favicon.ico
14 silly found diff in packages/admin/admin/i18n/de/translations.json
14 silly found diff in packages/admin/admin/i18n/en/translations.json
14 silly found diff in packages/admin/admin/i18n/es/translations.json
14 silly found diff in packages/admin/admin/i18n/fr/translations.json
14 silly found diff in packages/admin/admin/i18n/it/translations.json
14 silly found diff in packages/admin/admin/i18n/nl/translations.json
14 silly found diff in packages/admin/admin/i18n/pl/translations.json
14 silly found diff in packages/admin/admin/i18n/pt/translations.json
14 silly found diff in packages/admin/admin/i18n/ru/translations.json
14 silly found diff in packages/admin/admin/i18n/uk/translations.json
14 silly found diff in packages/admin/admin/i18n/zh-cn/translations.json
14 silly found diff in packages/admin/admin/jsonConfig.json5
14 silly found diff in packages/admin/docs/de/admin.md
14 silly found diff in packages/admin/docs/de/admin/_old.md
14 silly found diff in packages/admin/docs/de/admin/_old2.md
14 silly found diff in packages/admin/docs/de/admin/img/admin-2_ioBroker_Adapter_Admin_001a.jpg
14 silly found diff in packages/admin/docs/de/admin/img/admin-2_ioBroker_Adapter_admin_User_02.jpg
14 silly found diff in packages/admin/docs/de/admin/img/admin-2_ioBroker_Adapter_admin_User_Groups.jpg
14 silly found diff in packages/admin/docs/de/admin/img/admin-2_ioBroker_Adapter_admin_User_Rechte_01.jpg
14 silly found diff in packages/admin/docs/de/admin/img/admin-2_ioBroker_Admin_Adapter_Inhalt01.jpg
14 silly found diff in packages/admin/docs/de/admin/img/admin-2_ioBroker_Admin_Instanzen_Cronjob.jpg
14 silly found diff in packages/admin/docs/de/admin/img/admin-2_ioBroker_Admin_Instanzen_Headline_Icons-e1476803621402.jpg
14 silly found diff in packages/admin/docs/de/admin/img/admin-reiter-adapter_ioBroker_Adapter_admin_adapters_icons01_20170108.jpg
14 silly found diff in packages/admin/docs/de/admin/img/admin-reiter-adapter_ioBroker_Adapter_admin_adapters_icons02_20170108.jpg
14 silly found diff in packages/admin/docs/de/admin/img/admin-reiter-adapter_ioBroker_Admin_Adapter_Inhalt01.jpg
14 silly found diff in packages/admin/docs/de/admin/img/admin-reiter-adapter_ioBroker_Image_BPi_20160910.jpg
14 silly found diff in packages/admin/docs/de/admin/img/admin-reiter-aufzaehlungen_ioBroker_Adapter_admin_Enums_01.jpg
14 silly found diff in packages/admin/docs/de/admin/img/admin-reiter-aufzaehlungen_ioBroker_Adapter_admin_Enums_Headers_01.jpg
14 silly found diff in packages/admin/docs/de/admin/img/admin-reiter-aufzaehlungen_ioBroker_Adapter_admin_Enums_Headers_03.jpg
14 silly found diff in packages/admin/docs/de/admin/img/admin-reiter-aufzaehlungen_ioBroker_Adapter_admin_Enums_Info.jpg
14 silly found diff in packages/admin/docs/de/admin/img/admin-reiter-aufzaehlungen_ioBroker_Adapter_admin_Enums_new.jpg
14 silly found diff in packages/admin/docs/de/admin/img/admin-reiter-aufzaehlungen_ioBroker_Adapter_admin_Enums_new_Member.jpg
14 silly found diff in packages/admin/docs/de/admin/img/admin-reiter-ereignisse_ioBroker_Admin_States_footer.jpg
14 silly found diff in packages/admin/docs/de/admin/img/admin-reiter-instanzen_ioBroker_Admin_Instanzen_Headline_Columns.jpg
14 silly found diff in packages/admin/docs/de/admin/img/admin-reiter-log_ioBroker_Adapter_Admin_004b_Verwahrungsorte2.jpg
14 silly found diff in packages/admin/docs/de/admin/img/admin-reiter-objekte_ioBroker_Admin_Objekte_AddObjec02t.jpg
14 silly found diff in packages/admin/docs/de/admin/img/admin-reiter-objekte_ioBroker_Admin_Objekte_Headline_Columns.jpg
14 silly found diff in packages/admin/docs/de/admin/img/admin-reiter-objekte_ioBroker_Admin_Objekte_Rooms.jpg
14 silly found diff in packages/admin/docs/de/admin/img/admin-reiter-objekte_ioBroker_Admin_Objekte_Structure01.jpg
14 silly found diff in packages/admin/docs/de/admin/img/admin-reiter-zustaende_ioBroker_Admin_States_columns.jpg
14 silly found diff in packages/admin/docs/de/admin/img/admin_Enums_Headers_01.jpg
14 silly found diff in packages/admin/docs/de/admin/img/admin_Ereignisse_Spalten.jpg
14 silly found diff in packages/admin/docs/de/admin/img/admin_User_01-1.jpg
14 silly found diff in packages/admin/docs/de/admin/img/ioBroker_Image_BPi_20160910.jpg
14 silly found diff in packages/admin/docs/de/admin/img/tab-adapters_002aa.jpg
14 silly found diff in packages/admin/docs/de/admin/img/tab-adapters_002b.jpg
14 silly found diff in packages/admin/docs/de/admin/img/tab-adapters_002c_GitHub.jpg
14 silly found diff in packages/admin/docs/de/admin/img/tab-adapters_002c_ownFile.jpg
14 silly found diff in packages/admin/docs/de/admin/img/tab-adapters_003a.jpg
14 silly found diff in packages/admin/docs/de/admin/img/tab-adapters_Inhalt01.jpg
14 silly found diff in packages/admin/docs/de/admin/img/tab-adapters_icons01_20170108-e1483882554815.jpg
14 silly found diff in packages/admin/docs/de/admin/img/tab-adapters_icons02_20170108.jpg
14 silly found diff in packages/admin/docs/de/admin/img/tab-enums_Enums_01.jpg
14 silly found diff in packages/admin/docs/de/admin/img/tab-enums_Enums_Headers_03.jpg
14 silly found diff in packages/admin/docs/de/admin/img/tab-enums_Enums_Info.jpg
14 silly found diff in packages/admin/docs/de/admin/img/tab-enums_Enums_new.jpg
14 silly found diff in packages/admin/docs/de/admin/img/tab-enums_Enums_new_Member.jpg
14 silly found diff in packages/admin/docs/de/admin/img/tab-events_States_columns.jpg
14 silly found diff in packages/admin/docs/de/admin/img/tab-events_States_footer.jpg
14 silly found diff in packages/admin/docs/de/admin/img/tab-groups_User_Rechte_01.jpg
14 silly found diff in packages/admin/docs/de/admin/img/tab-groups_admin_User_02.jpg
14 silly found diff in packages/admin/docs/de/admin/img/tab-hosts_Hosts_01.jpg
14 silly found diff in packages/admin/docs/de/admin/img/tab-hosts_Hosts_icons.jpg
14 silly found diff in packages/admin/docs/de/admin/img/tab-instances_Cronjob.jpg
14 silly found diff in packages/admin/docs/de/admin/img/tab-instances_Headline_Columns.jpg
14 silly found diff in packages/admin/docs/de/admin/img/tab-instances_Icons-e1476803621402.jpg
14 silly found diff in packages/admin/docs/de/admin/img/tab-instances_Inhalt00.jpg
14 silly found diff in packages/admin/docs/de/admin/img/tab-instances_Instanzen_Status.jpg
14 silly found diff in packages/admin/docs/de/admin/img/tab-log_01.jpg
14 silly found diff in packages/admin/docs/de/admin/img/tab-log_icons.jpg
14 silly found diff in packages/admin/docs/de/admin/img/tab-log_instances.jpg
14 silly found diff in packages/admin/docs/de/admin/img/tab-log_loglevel.jpg
14 silly found diff in packages/admin/docs/de/admin/img/tab-objects_AddObjec02t.jpg
14 silly found diff in packages/admin/docs/de/admin/img/tab-objects_AddObject.jpg
14 silly found diff in packages/admin/docs/de/admin/img/tab-objects_Headline_Columns.jpg
14 silly found diff in packages/admin/docs/de/admin/img/tab-objects_Headline_Icons.jpg
14 silly found diff in packages/admin/docs/de/admin/img/tab-objects_Inhalt00.jpg
14 silly found diff in packages/admin/docs/de/admin/img/tab-objects_Rooms.jpg
14 silly found diff in packages/admin/docs/de/admin/img/tab-objects_Structure01.jpg
14 silly found diff in packages/admin/docs/de/admin/img/tab-objects_delete.jpg
14 silly found diff in packages/admin/docs/de/admin/img/tab-states_columns.jpg
14 silly found diff in packages/admin/docs/de/admin/img/tab-states_footer.jpg
14 silly found diff in packages/admin/docs/de/admin/img/tab-system_2017-01-19-09_33_54-ioBroker.jpg
14 silly found diff in packages/admin/docs/de/admin/img/tab-system_2017-01-19-09_40_07-ioBroker.jpg
14 silly found diff in packages/admin/docs/de/admin/img/tab-system_2017-01-19-09_48_46-ioBroker.jpg
14 silly found diff in packages/admin/docs/de/admin/img/tab-system_Systemeinstellungen.jpg
14 silly found diff in packages/admin/docs/de/admin/img/tab-system_Verwahrungsorte2.jpg
14 silly found diff in packages/admin/docs/de/admin/img/tab-user_01-1.jpg
14 silly found diff in packages/admin/docs/de/admin/img/tab-user_Groups.jpg
14 silly found diff in packages/admin/docs/de/admin/tab-adapters.md
14 silly found diff in packages/admin/docs/de/admin/tab-enums.md
14 silly found diff in packages/admin/docs/de/admin/tab-events.md
14 silly found diff in packages/admin/docs/de/admin/tab-groups.md
14 silly found diff in packages/admin/docs/de/admin/tab-hosts.md
14 silly found diff in packages/admin/docs/de/admin/tab-instances.md
14 silly found diff in packages/admin/docs/de/admin/tab-log.md
14 silly found diff in packages/admin/docs/de/admin/tab-objects.md
14 silly found diff in packages/admin/docs/de/admin/tab-states.md
14 silly found diff in packages/admin/docs/de/admin/tab-system.md
14 silly found diff in packages/admin/docs/de/admin/tab-users.md
14 silly found diff in packages/admin/docs/de/img/admin_Systemeinstellungen.jpg
14 silly found diff in packages/admin/docs/de/img/admin_ioBroker_Adapter_Admin_001a.jpg
14 silly found diff in packages/admin/docs/de/img/admin_konfiguration.png
14 silly found diff in packages/admin/docs/en/admin.md
14 silly found diff in packages/admin/docs/en/img/admin_img_001.jpg
14 silly found diff in packages/admin/docs/en/img/admin_img_002.png
14 silly found diff in packages/admin/docs/en/img/admin_img_003.png
14 silly found diff in packages/admin/docs/en/img/admin_img_004.png
14 silly found diff in packages/admin/docs/en/img/admin_img_005.png
14 silly found diff in packages/admin/docs/es/admin.md
14 silly found diff in packages/admin/docs/es/img/admin_img_001.jpg
14 silly found diff in packages/admin/docs/es/img/admin_img_002.png
14 silly found diff in packages/admin/docs/es/img/admin_img_003.png
14 silly found diff in packages/admin/docs/es/img/admin_img_004.png
14 silly found diff in packages/admin/docs/es/img/admin_img_005.png
14 silly found diff in packages/admin/docs/fr/admin.md
14 silly found diff in packages/admin/docs/fr/img/admin_img_001.jpg
14 silly found diff in packages/admin/docs/fr/img/admin_img_002.png
14 silly found diff in packages/admin/docs/fr/img/admin_img_003.png
14 silly found diff in packages/admin/docs/fr/img/admin_img_004.png
14 silly found diff in packages/admin/docs/fr/img/admin_img_005.png
14 silly found diff in packages/admin/docs/it/admin.md
14 silly found diff in packages/admin/docs/it/img/admin_img_001.jpg
14 silly found diff in packages/admin/docs/it/img/admin_img_002.png
14 silly found diff in packages/admin/docs/it/img/admin_img_003.png
14 silly found diff in packages/admin/docs/it/img/admin_img_004.png
14 silly found diff in packages/admin/docs/it/img/admin_img_005.png
14 silly found diff in packages/admin/docs/nl/admin.md
14 silly found diff in packages/admin/docs/nl/img/admin_img_001.jpg
14 silly found diff in packages/admin/docs/nl/img/admin_img_002.png
14 silly found diff in packages/admin/docs/nl/img/admin_img_003.png
14 silly found diff in packages/admin/docs/nl/img/admin_img_004.png
14 silly found diff in packages/admin/docs/nl/img/admin_img_005.png
14 silly found diff in packages/admin/docs/pl/admin.md
14 silly found diff in packages/admin/docs/pl/img/admin_img_001.jpg
14 silly found diff in packages/admin/docs/pl/img/admin_img_002.png
14 silly found diff in packages/admin/docs/pl/img/admin_img_003.png
14 silly found diff in packages/admin/docs/pl/img/admin_img_004.png
14 silly found diff in packages/admin/docs/pl/img/admin_img_005.png
14 silly found diff in packages/admin/docs/pt/admin.md
14 silly found diff in packages/admin/docs/pt/img/admin_img_001.jpg
14 silly found diff in packages/admin/docs/pt/img/admin_img_002.png
14 silly found diff in packages/admin/docs/pt/img/admin_img_003.png
14 silly found diff in packages/admin/docs/pt/img/admin_img_004.png
14 silly found diff in packages/admin/docs/pt/img/admin_img_005.png
14 silly found diff in packages/admin/docs/ru/admin.md
14 silly found diff in packages/admin/docs/ru/img/admin_DriverSettings.jpg
14 silly found diff in packages/admin/docs/ru/img/admin_GeneralView.jpg
14 silly found diff in packages/admin/docs/ru/img/admin_SystemSettings.jpg
14 silly found diff in packages/admin/docs/zh-cn/admin.md
14 silly found diff in packages/admin/docs/zh-cn/img/admin_img_001.jpg
14 silly found diff in packages/admin/docs/zh-cn/img/admin_img_002.png
14 silly found diff in packages/admin/docs/zh-cn/img/admin_img_003.png
14 silly found diff in packages/admin/docs/zh-cn/img/admin_img_004.png
14 silly found diff in packages/admin/docs/zh-cn/img/admin_img_005.png
14 silly found diff in packages/admin/gulpfile.js
14 silly found diff in packages/admin/io-package.json
14 silly found diff in packages/admin/lib/adapter-config.d.ts
14 silly found diff in packages/admin/lib/passportSocket.js
14 silly found diff in packages/admin/lib/web.js
14 silly found diff in packages/admin/main.js
14 silly found diff in packages/admin/package.json
14 silly found diff in packages/admin/public/404.html
14 silly found diff in packages/admin/public/oauthError.html
14 silly found diff in packages/admin/public/oauthSuccess.html
14 silly found diff in packages/admin/src/.eslintrc.js
14 silly found diff in packages/admin/src/README.md
14 silly found diff in packages/admin/src/craco.config.js
14 silly found diff in packages/admin/src/docs/images/components/DrawerItem_dark.png
14 silly found diff in packages/admin/src/docs/images/components/DrawerItem_darkblue.png
14 silly found diff in packages/admin/src/docs/images/components/DrawerItem_light.png
14 silly found diff in packages/admin/src/docs/images/components/IntroCard_dark.png
14 silly found diff in packages/admin/src/docs/images/components/IntroCard_darkblue.png
14 silly found diff in packages/admin/src/docs/images/components/IntroCard_light.png
14 silly found diff in packages/admin/src/less/adapter.less
14 silly found diff in packages/admin/src/less/adapterCron.less
14 silly found diff in packages/admin/src/less/adminCommons.less
14 silly found diff in packages/admin/src/less/commons.less
14 silly found diff in packages/admin/src/less/jquery.treetable.theme.less
14 silly found diff in packages/admin/src/less/materializeConsts.less
14 silly found diff in packages/admin/src/less/materializeCorrect.less
14 silly found diff in packages/admin/src/less/selectID.less
14 silly found diff in packages/admin/src/modulefederation.config.js
14 silly found diff in packages/admin/src/package-lock.json
14 silly found diff in packages/admin/src/package.json
14 silly found diff in packages/admin/src/public/css/adapter.css
14 silly found diff in packages/admin/src/public/css/adapter.css.map
14 silly found diff in packages/admin/src/public/css/admin.css
14 silly found diff in packages/admin/src/public/css/admin.css.map
14 silly found diff in packages/admin/src/public/css/app.css
14 silly found diff in packages/admin/src/public/css/app.css.map
14 silly found diff in packages/admin/src/public/css/images/layers-2x.png
14 silly found diff in packages/admin/src/public/css/images/layers.png
14 silly found diff in packages/admin/src/public/css/images/marker-icon-2x.png
14 silly found diff in packages/admin/src/public/css/images/marker-icon.png
14 silly found diff in packages/admin/src/public/css/images/marker-shadow.png
14 silly found diff in packages/admin/src/public/css/leaflet.css
14 silly found diff in packages/admin/src/public/favicon.ico
14 silly found diff in packages/admin/src/public/img/admin.png
14 silly found diff in packages/admin/src/public/img/browserError.png
14 silly found diff in packages/admin/src/public/img/le.png
14 silly found diff in packages/admin/src/public/img/logo.png
14 silly found diff in packages/admin/src/public/img/no-image.png
14 silly found diff in packages/admin/src/public/index.html
14 silly found diff in packages/admin/src/public/js/adapter-settings.js
14 silly found diff in packages/admin/src/public/js/app.js
14 silly found diff in packages/admin/src/public/js/app.js.map
14 silly found diff in packages/admin/src/public/js/license.js
14 silly found diff in packages/admin/src/public/js/listHeader.js
14 silly found diff in packages/admin/src/public/js/tableEditor.js
14 silly found diff in packages/admin/src/public/js/translate.js
14 silly found diff in packages/admin/src/public/js/treeTable.js
14 silly found diff in packages/admin/src/public/lib/css/cron/jquery.cron.css
14 silly found diff in packages/admin/src/public/lib/css/fancytree/channel.pdn
14 silly found diff in packages/admin/src/public/lib/css/fancytree/channel.png
14 silly found diff in packages/admin/src/public/lib/css/fancytree/device.pdn
14 silly found diff in packages/admin/src/public/lib/css/fancytree/device.png
14 silly found diff in packages/admin/src/public/lib/css/fancytree/icons.gif
14 silly found diff in packages/admin/src/public/lib/css/fancytree/loading.gif
14 silly found diff in packages/admin/src/public/lib/css/fancytree/state.pdn
14 silly found diff in packages/admin/src/public/lib/css/fancytree/state.png
14 silly found diff in packages/admin/src/public/lib/css/fancytree/ui.fancytree.min-win7.css
14 silly found diff in packages/admin/src/public/lib/css/fancytree/ui.fancytree.min.css
14 silly found diff in packages/admin/src/public/lib/css/font-awesome.min.css
14 silly found diff in packages/admin/src/public/lib/css/images/ajax-loader.gif
14 silly found diff in packages/admin/src/public/lib/css/images/icons-18-black.png
14 silly found diff in packages/admin/src/public/lib/css/images/icons-18-white.png
14 silly found diff in packages/admin/src/public/lib/css/images/icons-36-black.png
14 silly found diff in packages/admin/src/public/lib/css/images/icons-36-white.png
14 silly found diff in packages/admin/src/public/lib/css/iob/selectID.css
14 silly found diff in packages/admin/src/public/lib/css/iob/selectID.css.map
14 silly found diff in packages/admin/src/public/lib/css/jqGrid/ellipsis-xbl.xml
14 silly found diff in packages/admin/src/public/lib/css/jqGrid/ui.jqgrid-4.5.4.css
14 silly found diff in packages/admin/src/public/lib/css/jquery-ui-timepicker-addon-1.2.2.css
14 silly found diff in packages/admin/src/public/lib/css/jquery.multiselect-1.13.css
14 silly found diff in packages/admin/src/public/lib/css/jquery.multiselect.filter.css
14 silly found diff in packages/admin/src/public/lib/css/jquery.treetable.theme.css
14 silly found diff in packages/admin/src/public/lib/css/jquery.treetable.theme.css.map
14 silly found diff in packages/admin/src/public/lib/css/materialize.css
14 silly found diff in packages/admin/src/public/lib/css/ol.css
14 silly found diff in packages/admin/src/public/lib/css/themes/jquery-ui/default/images/ui-bg_glow-ball_100_efefef_600x600.png
14 silly found diff in packages/admin/src/public/lib/css/themes/jquery-ui/default/images/ui-bg_highlight-hard_50_c5ddfc_1x100.png
14 silly found diff in packages/admin/src/public/lib/css/themes/jquery-ui/default/images/ui-icons_0a82eb_256x240.png
14 silly found diff in packages/admin/src/public/lib/css/themes/jquery-ui/default/images/ui-icons_2293f7_256x240.png
14 silly found diff in packages/admin/src/public/lib/css/themes/jquery-ui/default/images/ui-icons_5fa5e3_256x240.png
14 silly found diff in packages/admin/src/public/lib/css/themes/jquery-ui/default/images/ui-icons_6F6F6F_256x240.png
14 silly found diff in packages/admin/src/public/lib/css/themes/jquery-ui/default/images/ui-icons_d8d8d8_256x240.png
14 silly found diff in packages/admin/src/public/lib/css/themes/jquery-ui/default/images/ui-icons_ffffff_256x240.png
14 silly found diff in packages/admin/src/public/lib/css/themes/jquery-ui/default/jquery-ui.min.css
14 silly found diff in packages/admin/src/public/lib/css/themes/jquery-ui/default/jquery-ui.structure.min.css
14 silly found diff in packages/admin/src/public/lib/css/themes/jquery-ui/default/jquery-ui.theme.min.css
14 silly found diff in packages/admin/src/public/lib/css/themes/jquery-ui/redmond/images/ui-bg_glow-ball_100_efefef_600x600.png
14 silly found diff in packages/admin/src/public/lib/css/themes/jquery-ui/redmond/images/ui-bg_highlight-hard_50_c5ddfc_1x100.png
14 silly found diff in packages/admin/src/public/lib/css/themes/jquery-ui/redmond/images/ui-icons_0a82eb_256x240.png
14 silly found diff in packages/admin/src/public/lib/css/themes/jquery-ui/redmond/images/ui-icons_2293f7_256x240.png
14 silly found diff in packages/admin/src/public/lib/css/themes/jquery-ui/redmond/images/ui-icons_555555_256x240.png
14 silly found diff in packages/admin/src/public/lib/css/themes/jquery-ui/redmond/images/ui-icons_5fa5e3_256x240.png
14 silly found diff in packages/admin/src/public/lib/css/themes/jquery-ui/redmond/images/ui-icons_6F6F6F_256x240.png
14 silly found diff in packages/admin/src/public/lib/css/themes/jquery-ui/redmond/images/ui-icons_777620_256x240.png
14 silly found diff in packages/admin/src/public/lib/css/themes/jquery-ui/redmond/images/ui-icons_777777_256x240.png
14 silly found diff in packages/admin/src/public/lib/css/themes/jquery-ui/redmond/images/ui-icons_cc0000_256x240.png
14 silly found diff in packages/admin/src/public/lib/css/themes/jquery-ui/redmond/images/ui-icons_d8d8d8_256x240.png
14 silly found diff in packages/admin/src/public/lib/css/themes/jquery-ui/redmond/images/ui-icons_ffffff_256x240.png
14 silly found diff in packages/admin/src/public/lib/css/themes/jquery-ui/redmond/jquery-ui.min.css
14 silly found diff in packages/admin/src/public/lib/css/themes/jquery-ui/redmond/jquery-ui.structure.min.css
14 silly found diff in packages/admin/src/public/lib/css/themes/jquery-ui/redmond/jquery-ui.theme.min.css
14 silly found diff in packages/admin/src/public/lib/fonts/fontawesome-webfont.woff
14 silly found diff in packages/admin/src/public/lib/fonts/fontawesome-webfont.woff2
14 silly found diff in packages/admin/src/public/lib/fonts/material.woff
14 silly found diff in packages/admin/src/public/lib/fonts/material.woff2
14 silly found diff in packages/admin/src/public/lib/js/ace-1.2.0/ace.js
14 silly found diff in packages/admin/src/public/lib/js/ace-1.2.0/ext-language_tools.js
14 silly found diff in packages/admin/src/public/lib/js/ace-1.2.0/ext-searchbox.js
14 silly found diff in packages/admin/src/public/lib/js/ace-1.2.0/mode-javascript.js
14 silly found diff in packages/admin/src/public/lib/js/ace-1.2.0/mode-json.js
14 silly found diff in packages/admin/src/public/lib/js/ace-1.2.0/mode-typescript.js
14 silly found diff in packages/admin/src/public/lib/js/ace-1.2.0/mode-yaml.js
14 silly found diff in packages/admin/src/public/lib/js/ace-1.2.0/theme-chrome.js
14 silly found diff in packages/admin/src/public/lib/js/ace-1.2.0/theme-clouds_midnight.js
14 silly found diff in packages/admin/src/public/lib/js/ace-1.2.0/worker-javascript.js
14 silly found diff in packages/admin/src/public/lib/js/ace-1.2.0/worker-json.js
14 silly found diff in packages/admin/src/public/lib/js/ace/ext-searchbox.js
14 silly found diff in packages/admin/src/public/lib/js/ace/worker-json.js
14 silly found diff in packages/admin/src/public/lib/js/colResizable-1.5.min.js
14 silly found diff in packages/admin/src/public/lib/js/colResizable-1.6.min.js
14 silly found diff in packages/admin/src/public/lib/js/colResizable-1.6.min.js.map
14 silly found diff in packages/admin/src/public/lib/js/cron/cron2text.js
14 silly found diff in packages/admin/src/public/lib/js/cron/jquery.cron.js
14 silly found diff in packages/admin/src/public/lib/js/cron/jquery.cron.locale.js
14 silly found diff in packages/admin/src/public/lib/js/cron/jquery.cron.words.js
14 silly found diff in packages/admin/src/public/lib/js/dropzone.js
14 silly found diff in packages/admin/src/public/lib/js/jqGrid/grid.locale-all.js
14 silly found diff in packages/admin/src/public/lib/js/jqGrid/jquery.jqGrid-4.5.4.min.js
14 silly found diff in packages/admin/src/public/lib/js/jquery-1.11.1.min.js
14 silly found diff in packages/admin/src/public/lib/js/jquery-1.11.1.min.map
14 silly found diff in packages/admin/src/public/lib/js/jquery-1.11.2.min.js
14 silly found diff in packages/admin/src/public/lib/js/jquery-1.11.2.min.map
14 silly found diff in packages/admin/src/public/lib/js/jquery-3.2.1.min.js
14 silly found diff in packages/admin/src/public/lib/js/jquery-3.2.1.min.map
14 silly found diff in packages/admin/src/public/lib/js/jquery-migrate-3.0.1.js
14 silly found diff in packages/admin/src/public/lib/js/jquery-ui-1.10.3.full.min.js
14 silly found diff in packages/admin/src/public/lib/js/jquery-ui-1.11.4.full.min.js
14 silly found diff in packages/admin/src/public/lib/js/jquery-ui.min.js
14 silly found diff in packages/admin/src/public/lib/js/jquery.fancytree-all.min.js
14 silly found diff in packages/admin/src/public/lib/js/jquery.fancytree-all.min.js.map
14 silly found diff in packages/admin/src/public/lib/js/jquery.multiselect-1.13.js
14 silly found diff in packages/admin/src/public/lib/js/jquery.multiselect-1.13.min.js
14 silly found diff in packages/admin/src/public/lib/js/jquery.multiselect.filter-1.5pre.js
14 silly found diff in packages/admin/src/public/lib/js/jquery.treetable.js
14 silly found diff in packages/admin/src/public/lib/js/jquery.ui.touch-punch.min.js
14 silly found diff in packages/admin/src/public/lib/js/loStorage.js
14 silly found diff in packages/admin/src/public/lib/js/materialize.js
14 silly found diff in packages/admin/src/public/lib/js/materialize.js.map
14 silly found diff in packages/admin/src/public/lib/js/ol.js
14 silly found diff in packages/admin/src/public/lib/js/selectID.js
14 silly found diff in packages/admin/src/public/lib/js/semver.min.js
14 silly found diff in packages/admin/src/public/lib/js/showdown.min.js
14 silly found diff in packages/admin/src/public/lib/js/socket.io.js
14 silly found diff in packages/admin/src/public/lib/js/sparkline.js
14 silly found diff in packages/admin/src/public/lib/js/sparkline.js.map
14 silly found diff in packages/admin/src/public/lib/js/translate.js
14 silly found diff in packages/admin/src/public/lib/js/vendor.js
14 silly found diff in packages/admin/src/public/lib/js/vendor.js.map
14 silly found diff in packages/admin/src/public/logo192.png
14 silly found diff in packages/admin/src/public/logo512.png
14 silly found diff in packages/admin/src/public/manifest.json
14 silly found diff in packages/admin/src/public/robots.txt
14 silly found diff in packages/admin/src/src/App.jsx
14 silly found diff in packages/admin/src/src/Utils.tsx
14 silly found diff in packages/admin/src/src/Workers/AdaptersWorker.jsx
14 silly found diff in packages/admin/src/src/Workers/HostsWorker.jsx
14 silly found diff in packages/admin/src/src/Workers/InstancesWorker.jsx
14 silly found diff in packages/admin/src/src/Workers/LogsWorker.jsx
14 silly found diff in packages/admin/src/src/Workers/ObjectsWorker.jsx
14 silly found diff in packages/admin/src/src/assets/ICONS_LICENSE.md
14 silly found diff in packages/admin/src/src/assets/administrator.svg
14 silly found diff in packages/admin/src/src/assets/certificates.svg
14 silly found diff in packages/admin/src/src/assets/css/style.css
14 silly found diff in packages/admin/src/src/assets/devices/Alarm Systems.svg
14 silly found diff in packages/admin/src/src/assets/devices/Amplifier.svg
14 silly found diff in packages/admin/src/src/assets/devices/Awnings.svg
14 silly found diff in packages/admin/src/src/assets/devices/Battery Status.svg
14 silly found diff in packages/admin/src/src/assets/devices/Ceiling Spotlights.svg
14 silly found diff in packages/admin/src/src/assets/devices/Chandelier.svg
14 silly found diff in packages/admin/src/src/assets/devices/Climate.svg
14 silly found diff in packages/admin/src/src/assets/devices/Coffee Makers.svg
14 silly found diff in packages/admin/src/src/assets/devices/Cold Water.svg
14 silly found diff in packages/admin/src/src/assets/devices/Computer.svg
14 silly found diff in packages/admin/src/src/assets/devices/Consumption.svg
14 silly found diff in packages/admin/src/src/assets/devices/Curtains.svg
14 silly found diff in packages/admin/src/src/assets/devices/Dishwashers.svg
14 silly found diff in packages/admin/src/src/assets/devices/Doors.svg
14 silly found diff in packages/admin/src/src/assets/devices/Doorstep.svg
14 silly found diff in packages/admin/src/src/assets/devices/Dryer.svg
14 silly found diff in packages/admin/src/src/assets/devices/Fan.svg
14 silly found diff in packages/admin/src/src/assets/devices/Floor Lamps.svg
14 silly found diff in packages/admin/src/src/assets/devices/Garage Doors.svg
14 silly found diff in packages/admin/src/src/assets/devices/Gates.svg
14 silly found diff in packages/admin/src/src/assets/devices/Hairdryer.svg
14 silly found diff in packages/admin/src/src/assets/devices/Handle.svg
14 silly found diff in packages/admin/src/src/assets/devices/Hanging Lamps.svg
14 silly found diff in packages/admin/src/src/assets/devices/Heater.svg
14 silly found diff in packages/admin/src/src/assets/devices/Hoods.svg
14 silly found diff in packages/admin/src/src/assets/devices/Hot Water.svg
14 silly found diff in packages/admin/src/src/assets/devices/Humidity.svg
14 silly found diff in packages/admin/src/src/assets/devices/Iron.svg
14 silly found diff in packages/admin/src/src/assets/devices/Irrigation.svg
14 silly found diff in packages/admin/src/src/assets/devices/Led Strip.svg
14 silly found diff in packages/admin/src/src/assets/devices/Light.svg
14 silly found diff in packages/admin/src/src/assets/devices/Lightings.svg
14 silly found diff in packages/admin/src/src/assets/devices/Lock.svg
14 silly found diff in packages/admin/src/src/assets/devices/Louvre.svg
14 silly found diff in packages/admin/src/src/assets/devices/Mowing Machine.svg
14 silly found diff in packages/admin/src/src/assets/devices/Music.svg
14 silly found diff in packages/admin/src/src/assets/devices/Outdoor Blinds.svg
14 silly found diff in packages/admin/src/src/assets/devices/People.svg
14 silly found diff in packages/admin/src/src/assets/devices/Pool.svg
14 silly found diff in packages/admin/src/src/assets/devices/Power Consumption.svg
14 silly found diff in packages/admin/src/src/assets/devices/Printer.svg
14 silly found diff in packages/admin/src/src/assets/devices/Pump.svg
14 silly found diff in packages/admin/src/src/assets/devices/Receiver.svg
14 silly found diff in packages/admin/src/src/assets/devices/Sconces.svg
14 silly found diff in packages/admin/src/src/assets/devices/Security.svg
14 silly found diff in packages/admin/src/src/assets/devices/Shading.svg
14 silly found diff in packages/admin/src/src/assets/devices/Shutters.svg
14 silly found diff in packages/admin/src/src/assets/devices/SmokeDetector.svg
14 silly found diff in packages/admin/src/src/assets/devices/Sockets.svg
14 silly found diff in packages/admin/src/src/assets/devices/Speaker.svg
14 silly found diff in packages/admin/src/src/assets/devices/Stove.svg
14 silly found diff in packages/admin/src/src/assets/devices/Table Lamps.svg
14 silly found diff in packages/admin/src/src/assets/devices/Temperature Sensors.svg
14 silly found diff in packages/admin/src/src/assets/devices/Tv.svg
14 silly found diff in packages/admin/src/src/assets/devices/Vacuum Cleaner.svg
14 silly found diff in packages/admin/src/src/assets/devices/Ventilation.svg
14 silly found diff in packages/admin/src/src/assets/devices/Washing Machines.svg
14 silly found diff in packages/admin/src/src/assets/devices/Water Consumption.svg
14 silly found diff in packages/admin/src/src/assets/devices/Water Heater.svg
14 silly found diff in packages/admin/src/src/assets/devices/Water.svg
14 silly found diff in packages/admin/src/src/assets/devices/Weather.svg
14 silly found diff in packages/admin/src/src/assets/devices/Window.svg
14 silly found diff in packages/admin/src/src/assets/devices/list.json
14 silly found diff in packages/admin/src/src/assets/devices/names.txt
14 silly found diff in packages/admin/src/src/assets/devices/parseNames.jsx
14 silly found diff in packages/admin/src/src/assets/echarts.png
14 silly found diff in packages/admin/src/src/assets/expert.svg
14 silly found diff in packages/admin/src/src/assets/file.svg
14 silly found diff in packages/admin/src/src/assets/filter.svg
14 silly found diff in packages/admin/src/src/assets/functions.svg
14 silly found diff in packages/admin/src/src/assets/globe.svg
14 silly found diff in packages/admin/src/src/assets/group.svg
14 silly found diff in packages/admin/src/src/assets/groups/group1.svg
14 silly found diff in packages/admin/src/src/assets/groups/group10.svg
14 silly found diff in packages/admin/src/src/assets/groups/group2.svg
14 silly found diff in packages/admin/src/src/assets/groups/group3.svg
14 silly found diff in packages/admin/src/src/assets/groups/group4.svg
14 silly found diff in packages/admin/src/src/assets/groups/group5.svg
14 silly found diff in packages/admin/src/src/assets/groups/group6.svg
14 silly found diff in packages/admin/src/src/assets/groups/group7.svg
14 silly found diff in packages/admin/src/src/assets/groups/group8.svg
14 silly found diff in packages/admin/src/src/assets/groups/group9.svg
14 silly found diff in packages/admin/src/src/assets/json/countries.json
14 silly found diff in packages/admin/src/src/assets/link.svg
14 silly found diff in packages/admin/src/src/assets/logo.png
14 silly found diff in packages/admin/src/src/assets/logout.svg
14 silly found diff in packages/admin/src/src/assets/longLogo.svg
14 silly found diff in packages/admin/src/src/assets/materialize.css
14 silly found diff in packages/admin/src/src/assets/no-image.png
14 silly found diff in packages/admin/src/src/assets/npm.png
14 silly found diff in packages/admin/src/src/assets/pin.svg
14 silly found diff in packages/admin/src/src/assets/rooms.svg
14 silly found diff in packages/admin/src/src/assets/rooms/Anteroom.svg
14 silly found diff in packages/admin/src/src/assets/rooms/Attic.svg
14 silly found diff in packages/admin/src/src/assets/rooms/Balcony.svg
14 silly found diff in packages/admin/src/src/assets/rooms/Barn.svg
14 silly found diff in packages/admin/src/src/assets/rooms/Basement.svg
14 silly found diff in packages/admin/src/src/assets/rooms/Bathroom.svg
14 silly found diff in packages/admin/src/src/assets/rooms/Bedroom.svg
14 silly found diff in packages/admin/src/src/assets/rooms/Boiler Room.svg
14 silly found diff in packages/admin/src/src/assets/rooms/Carport.svg
14 silly found diff in packages/admin/src/src/assets/rooms/Cellar.svg
14 silly found diff in packages/admin/src/src/assets/rooms/Chamber.svg
14 silly found diff in packages/admin/src/src/assets/rooms/Corridor.svg
14 silly found diff in packages/admin/src/src/assets/rooms/Dining Area.svg
14 silly found diff in packages/admin/src/src/assets/rooms/Dining Room.svg
14 silly found diff in packages/admin/src/src/assets/rooms/Dining.svg
14 silly found diff in packages/admin/src/src/assets/rooms/Dressing Room.svg
14 silly found diff in packages/admin/src/src/assets/rooms/Driveway.svg
14 silly found diff in packages/admin/src/src/assets/rooms/Entrance.svg
14 silly found diff in packages/admin/src/src/assets/rooms/Equipment Room.svg
14 silly found diff in packages/admin/src/src/assets/rooms/Front Yard.svg
14 silly found diff in packages/admin/src/src/assets/rooms/Gallery.svg
14 silly found diff in packages/admin/src/src/assets/rooms/Garage.svg
14 silly found diff in packages/admin/src/src/assets/rooms/Garden.svg
14 silly found diff in packages/admin/src/src/assets/rooms/Ground Floor.svg
14 silly found diff in packages/admin/src/src/assets/rooms/Guest Bathroom.svg
14 silly found diff in packages/admin/src/src/assets/rooms/Guest Room.svg
14 silly found diff in packages/admin/src/src/assets/rooms/Gym.svg
14 silly found diff in packages/admin/src/src/assets/rooms/Hall.svg
14 silly found diff in packages/admin/src/src/assets/rooms/Home Theater.svg
14 silly found diff in packages/admin/src/src/assets/rooms/Kitchen.svg
14 silly found diff in packages/admin/src/src/assets/rooms/Laundry Room.svg
14 silly found diff in packages/admin/src/src/assets/rooms/Living Area.svg
14 silly found diff in packages/admin/src/src/assets/rooms/Living Room.svg
14 silly found diff in packages/admin/src/src/assets/rooms/Locker Room.svg
14 silly found diff in packages/admin/src/src/assets/rooms/Nursery.svg
14 silly found diff in packages/admin/src/src/assets/rooms/Office.svg
14 silly found diff in packages/admin/src/src/assets/rooms/Outdoors.svg
14 silly found diff in packages/admin/src/src/assets/rooms/Playroom.svg
14 silly found diff in packages/admin/src/src/assets/rooms/Pool.svg
14 silly found diff in packages/admin/src/src/assets/rooms/Rear Wall.svg
14 silly found diff in packages/admin/src/src/assets/rooms/Second Floor.svg
14 silly found diff in packages/admin/src/src/assets/rooms/Shed.svg
14 silly found diff in packages/admin/src/src/assets/rooms/Sleeping Area.svg
14 silly found diff in packages/admin/src/src/assets/rooms/Stairway.svg
14 silly found diff in packages/admin/src/src/assets/rooms/Stairwell.svg
14 silly found diff in packages/admin/src/src/assets/rooms/Storeroom.svg
14 silly found diff in packages/admin/src/src/assets/rooms/Summer House.svg
14 silly found diff in packages/admin/src/src/assets/rooms/Swimming Pool.svg
14 silly found diff in packages/admin/src/src/assets/rooms/Terrace.svg
14 silly found diff in packages/admin/src/src/assets/rooms/Toilet.svg
14 silly found diff in packages/admin/src/src/assets/rooms/Upstairs.svg
14 silly found diff in packages/admin/src/src/assets/rooms/Wardrobe.svg
14 silly found diff in packages/admin/src/src/assets/rooms/Washroom.svg
14 silly found diff in packages/admin/src/src/assets/rooms/Wc.svg
14 silly found diff in packages/admin/src/src/assets/rooms/Windscreen.svg
14 silly found diff in packages/admin/src/src/assets/rooms/Workshop.svg
14 silly found diff in packages/admin/src/src/assets/rooms/Workspace.svg
14 silly found diff in packages/admin/src/src/assets/rooms/list.json
14 silly found diff in packages/admin/src/src/assets/rooms/names.txt
14 silly found diff in packages/admin/src/src/assets/rooms/parseNames.jsx
14 silly found diff in packages/admin/src/src/assets/sentry.svg
14 silly found diff in packages/admin/src/src/assets/sentryNo.svg
14 silly found diff in packages/admin/src/src/assets/seq.png
14 silly found diff in packages/admin/src/src/assets/user.svg
14 silly found diff in packages/admin/src/src/assets/users/user1.svg
14 silly found diff in packages/admin/src/src/assets/users/user10.svg
14 silly found diff in packages/admin/src/src/assets/users/user11.svg
14 silly found diff in packages/admin/src/src/assets/users/user12.svg
14 silly found diff in packages/admin/src/src/assets/users/user2.svg
14 silly found diff in packages/admin/src/src/assets/users/user3.svg
14 silly found diff in packages/admin/src/src/assets/users/user4.svg
14 silly found diff in packages/admin/src/src/assets/users/user5.svg
14 silly found diff in packages/admin/src/src/assets/users/user6.svg
14 silly found diff in packages/admin/src/src/assets/users/user7.svg
14 silly found diff in packages/admin/src/src/assets/users/user8.svg
14 silly found diff in packages/admin/src/src/assets/users/user9.svg
14 silly found diff in packages/admin/src/src/assets/wizard-finish.jpg
14 silly found diff in packages/admin/src/src/assets/wizard-welcome.jpg
14 silly found diff in packages/admin/src/src/bootstrap.jsx
14 silly found diff in packages/admin/src/src/components/Adapters/AdapterRow.jsx
14 silly found diff in packages/admin/src/src/components/Adapters/AdapterTile.tsx
14 silly found diff in packages/admin/src/src/components/Adapters/AdaptersUpdater.tsx
14 silly found diff in packages/admin/src/src/components/BaseSettings/BaseSettingsLog.jsx
14 silly found diff in packages/admin/src/src/components/BaseSettings/BaseSettingsMultihost.jsx
14 silly found diff in packages/admin/src/src/components/BaseSettings/BaseSettingsObjects.jsx
14 silly found diff in packages/admin/src/src/components/BaseSettings/BaseSettingsPlugins.jsx
14 silly found diff in packages/admin/src/src/components/BaseSettings/BaseSettingsStates.jsx
14 silly found diff in packages/admin/src/src/components/BaseSettings/BaseSettingsSystem.jsx
14 silly found diff in packages/admin/src/src/components/Command.jsx
14 silly found diff in packages/admin/src/src/components/Connecting.jsx
14 silly found diff in packages/admin/src/src/components/ContextWrapper.jsx
14 silly found diff in packages/admin/src/src/components/CustomDragLayer.jsx
14 silly found diff in packages/admin/src/src/components/CustomModal.jsx
14 silly found diff in packages/admin/src/src/components/CustomPopper.jsx
14 silly found diff in packages/admin/src/src/components/CustomSelectButton.jsx
14 silly found diff in packages/admin/src/src/components/DragWrapper.jsx
14 silly found diff in packages/admin/src/src/components/Drawer.jsx
14 silly found diff in packages/admin/src/src/components/DrawerItem.jsx
14 silly found diff in packages/admin/src/src/components/EasyModeCard.jsx
14 silly found diff in packages/admin/src/src/components/Editor.jsx
14 silly found diff in packages/admin/src/src/components/Enums/CategoryLabel.jsx
14 silly found diff in packages/admin/src/src/components/Enums/DragObjectBrowser.jsx
14 silly found diff in packages/admin/src/src/components/Enums/EnumBlock.jsx
14 silly found diff in packages/admin/src/src/components/Enums/EnumDeleteDialog.jsx
14 silly found diff in packages/admin/src/src/components/Enums/EnumEditDialog.jsx
14 silly found diff in packages/admin/src/src/components/Enums/EnumTemplateDialog.jsx
14 silly found diff in packages/admin/src/src/components/Enums/EnumsMain.jsx
14 silly found diff in packages/admin/src/src/components/FileBrowser.jsx
14 silly found diff in packages/admin/src/src/components/FileViewer.jsx
14 silly found diff in packages/admin/src/src/components/HostSelectors.tsx
14 silly found diff in packages/admin/src/src/components/Hosts/HostCard.jsx
14 silly found diff in packages/admin/src/src/components/Hosts/HostEdit.jsx
14 silly found diff in packages/admin/src/src/components/Hosts/HostRow.jsx
14 silly found diff in packages/admin/src/src/components/IOFields/Fields.jsx
14 silly found diff in packages/admin/src/src/components/Instances/InstanceCard.jsx
14 silly found diff in packages/admin/src/src/components/Instances/InstanceCategory.jsx
14 silly found diff in packages/admin/src/src/components/Instances/InstanceFilterDialog.jsx
14 silly found diff in packages/admin/src/src/components/Instances/InstanceInfo.jsx
14 silly found diff in packages/admin/src/src/components/Instances/InstanceRow.jsx
14 silly found diff in packages/admin/src/src/components/Instances/InstancesComponentsNotUsed/InfoPanel.jsx
14 silly found diff in packages/admin/src/src/components/Instances/LinksDialog.jsx
14 silly found diff in packages/admin/src/src/components/IntroCard.jsx
14 silly found diff in packages/admin/src/src/components/IsVisible.jsx
14 silly found diff in packages/admin/src/src/components/LicenseTexts.jsx
14 silly found diff in packages/admin/src/src/components/MDUtils.jsx
14 silly found diff in packages/admin/src/src/components/Markdown.jsx
14 silly found diff in packages/admin/src/src/components/NewsAnalyser.jsx
14 silly found diff in packages/admin/src/src/components/Object/ObjectBrowserEditObject.tsx
14 silly found diff in packages/admin/src/src/components/Object/ObjectBrowserEditRole.jsx
14 silly found diff in packages/admin/src/src/components/Object/ObjectBrowserValue.tsx
14 silly found diff in packages/admin/src/src/components/Object/ObjectChart.jsx
14 silly found diff in packages/admin/src/src/components/Object/ObjectCustomEditor.tsx
14 silly found diff in packages/admin/src/src/components/Object/ObjectHistoryData.tsx
14 silly found diff in packages/admin/src/src/components/Object/utils.js
14 silly found diff in packages/admin/src/src/components/ObjectBrowser.jsx
14 silly found diff in packages/admin/src/src/components/State.jsx
14 silly found diff in packages/admin/src/src/components/TabContainer.tsx
14 silly found diff in packages/admin/src/src/components/TabContent.tsx
14 silly found diff in packages/admin/src/src/components/TabHeader.jsx
14 silly found diff in packages/admin/src/src/components/Users/GroupBlock.jsx
14 silly found diff in packages/admin/src/src/components/Users/GroupDeleteDialog.jsx
14 silly found diff in packages/admin/src/src/components/Users/GroupEditDialog.jsx
14 silly found diff in packages/admin/src/src/components/Users/UserBlock.jsx
14 silly found diff in packages/admin/src/src/components/Users/UserDeleteDialog.jsx
14 silly found diff in packages/admin/src/src/components/Users/UserEditDialog.jsx
14 silly found diff in packages/admin/src/src/components/Users/UsersList.jsx
14 silly found diff in packages/admin/src/src/components/Utils.jsx
14 silly found diff in packages/admin/src/src/components/Wizard/WizardAuthSSLTab.jsx
14 silly found diff in packages/admin/src/src/components/Wizard/WizardLicenseTab.jsx
14 silly found diff in packages/admin/src/src/components/Wizard/WizardPasswordTab.jsx
14 silly found diff in packages/admin/src/src/components/Wizard/WizardPortForwarding.jsx
14 silly found diff in packages/admin/src/src/components/Wizard/WizardSettingsTab.jsx
14 silly found diff in packages/admin/src/src/dialogs/AdapterDeletionDialog.jsx
14 silly found diff in packages/admin/src/src/dialogs/AdapterInfoDialog.jsx
14 silly found diff in packages/admin/src/src/dialogs/AdapterUpdateDialog.jsx
14 silly found diff in packages/admin/src/src/dialogs/AdaptersUpdaterDialog.jsx
14 silly found diff in packages/admin/src/src/dialogs/AddInstanceDialog.jsx
14 silly found diff in packages/admin/src/src/dialogs/AdminUpdater.jsx
14 silly found diff in packages/admin/src/src/dialogs/BaseSettingsDialog.jsx
14 silly found diff in packages/admin/src/src/dialogs/CameraIntroDialog.jsx
14 silly found diff in packages/admin/src/src/dialogs/CommandDialog.jsx
14 silly found diff in packages/admin/src/src/dialogs/DiscoveryDialog.tsx
14 silly found diff in packages/admin/src/src/dialogs/EditIntroLinkDialog.jsx
14 silly found diff in packages/admin/src/src/dialogs/ExpertModeDialog.jsx
14 silly found diff in packages/admin/src/src/dialogs/FileEditOfAccessControl.jsx
14 silly found diff in packages/admin/src/src/dialogs/GenerateInputsModal.jsx
14 silly found diff in packages/admin/src/src/dialogs/GitHubInstallDialog.tsx
14 silly found diff in packages/admin/src/src/dialogs/HostWarningDialog.tsx
14 silly found diff in packages/admin/src/src/dialogs/JsControllerDialog.jsx
14 silly found diff in packages/admin/src/src/dialogs/JsControllerUpdater.jsx
14 silly found diff in packages/admin/src/src/dialogs/LicenseDialog.jsx
14 silly found diff in packages/admin/src/src/dialogs/NewsAdminDialog.tsx
14 silly found diff in packages/admin/src/src/dialogs/ObjectAddNewObject.jsx
14 silly found diff in packages/admin/src/src/dialogs/ObjectAliasEditor.jsx
14 silly found diff in packages/admin/src/src/dialogs/ObjectCustomDialog.jsx
14 silly found diff in packages/admin/src/src/dialogs/ObjectEditDialog.jsx
14 silly found diff in packages/admin/src/src/dialogs/ObjectEditOfAccessControl.jsx
14 silly found diff in packages/admin/src/src/dialogs/ObjectViewFileDialog.jsx
14 silly found diff in packages/admin/src/src/dialogs/RatingDialog.jsx
14 silly found diff in packages/admin/src/src/dialogs/SlowConnectionWarningDialog.jsx
14 silly found diff in packages/admin/src/src/dialogs/SystemSettingsDialog.jsx
14 silly found diff in packages/admin/src/src/dialogs/SystemSettingsTabs/ACLDialog.jsx
14 silly found diff in packages/admin/src/src/dialogs/SystemSettingsTabs/CertificatesDialog.jsx
14 silly found diff in packages/admin/src/src/dialogs/SystemSettingsTabs/LicensesDialog.jsx
14 silly found diff in packages/admin/src/src/dialogs/SystemSettingsTabs/MainSettingsDialog.jsx
14 silly found diff in packages/admin/src/src/dialogs/SystemSettingsTabs/RepositoriesDialog.jsx
14 silly found diff in packages/admin/src/src/dialogs/SystemSettingsTabs/SSLDialog.jsx
14 silly found diff in packages/admin/src/src/dialogs/SystemSettingsTabs/StatisticsDialog.jsx
14 silly found diff in packages/admin/src/src/dialogs/WizardDialog.jsx
14 silly found diff in packages/admin/src/src/fonts/material.woff
14 silly found diff in packages/admin/src/src/fonts/material.woff2
14 silly found diff in packages/admin/src/src/globals.d.ts
14 silly found diff in packages/admin/src/src/helpers/MaterialDynamicIcon.jsx
14 silly found diff in packages/admin/src/src/helpers/MobileDialog.jsx
14 silly found diff in packages/admin/src/src/helpers/cardSort.jsx
14 silly found diff in packages/admin/src/src/helpers/hooks/useStateLocal.jsx
14 silly found diff in packages/admin/src/src/helpers/utils.ts
14 silly found diff in packages/admin/src/src/i18n/de.json
14 silly found diff in packages/admin/src/src/i18n/en.json
14 silly found diff in packages/admin/src/src/i18n/es.json
14 silly found diff in packages/admin/src/src/i18n/fr.json
14 silly found diff in packages/admin/src/src/i18n/it.json
14 silly found diff in packages/admin/src/src/i18n/nl.json
14 silly found diff in packages/admin/src/src/i18n/pl.json
14 silly found diff in packages/admin/src/src/i18n/pt.json
14 silly found diff in packages/admin/src/src/i18n/ru.json
14 silly found diff in packages/admin/src/src/i18n/uk.json
14 silly found diff in packages/admin/src/src/i18n/zh-cn.json
14 silly found diff in packages/admin/src/src/index.css
14 silly found diff in packages/admin/src/src/index.jsx
14 silly found diff in packages/admin/src/src/login/Login.jsx
14 silly found diff in packages/admin/src/src/tabs/Adapters.jsx
14 silly found diff in packages/admin/src/src/tabs/Config.jsx
14 silly found diff in packages/admin/src/src/tabs/CustomTab.jsx
14 silly found diff in packages/admin/src/src/tabs/EasyMode.jsx
14 silly found diff in packages/admin/src/src/tabs/Enums.jsx
14 silly found diff in packages/admin/src/src/tabs/Events.jsx
14 silly found diff in packages/admin/src/src/tabs/Files.jsx
14 silly found diff in packages/admin/src/src/tabs/Hosts.jsx
14 silly found diff in packages/admin/src/src/tabs/Instances.jsx
14 silly found diff in packages/admin/src/src/tabs/Intro.tsx
14 silly found diff in packages/admin/src/src/tabs/Logs.jsx
14 silly found diff in packages/admin/src/src/tabs/Objects.jsx
14 silly found diff in packages/admin/src/src/tabs/Users.jsx
14 silly found diff in packages/admin/src/src/types.d.ts
14 silly found diff in packages/admin/src/tsconfig.json
14 silly found diff in packages/admin/src/vite.config.js
14 silly found diff in packages/admin/test/engineHelper.js
14 silly found diff in packages/admin/test/guiHelper.js
14 silly found diff in packages/admin/test/integration.js
14 silly found diff in packages/admin/test/mocha.custom.opts
14 silly found diff in packages/admin/test/mocha.setup.js
14 silly found diff in packages/admin/test/package.js
14 silly found diff in packages/admin/test/rule.js
14 silly found diff in packages/admin/test/testAdapter.gui.js
14 silly found diff in packages/admin/test/unit.js
14 silly found diff in packages/admin/tsconfig.check.json
14 silly found diff in packages/admin/tsconfig.json
15 verbose filtered diff [
15 verbose filtered diff   'packages/admin/CHANGELOG_OLD.md',
15 verbose filtered diff   'packages/admin/DEVELOPER.md',
15 verbose filtered diff   'packages/admin/LICENSE',
15 verbose filtered diff   'packages/admin/README.md',
15 verbose filtered diff   'packages/admin/admin/admin.png',
15 verbose filtered diff   'packages/admin/admin/favicon.ico',
15 verbose filtered diff   'packages/admin/admin/i18n/de/translations.json',
15 verbose filtered diff   'packages/admin/admin/i18n/en/translations.json',
15 verbose filtered diff   'packages/admin/admin/i18n/es/translations.json',
15 verbose filtered diff   'packages/admin/admin/i18n/fr/translations.json',
15 verbose filtered diff   'packages/admin/admin/i18n/it/translations.json',
15 verbose filtered diff   'packages/admin/admin/i18n/nl/translations.json',
15 verbose filtered diff   'packages/admin/admin/i18n/pl/translations.json',
15 verbose filtered diff   'packages/admin/admin/i18n/pt/translations.json',
15 verbose filtered diff   'packages/admin/admin/i18n/ru/translations.json',
15 verbose filtered diff   'packages/admin/admin/i18n/uk/translations.json',
15 verbose filtered diff   'packages/admin/admin/i18n/zh-cn/translations.json',
15 verbose filtered diff   'packages/admin/admin/jsonConfig.json5',
15 verbose filtered diff   'packages/admin/docs/de/admin.md',
15 verbose filtered diff   'packages/admin/docs/de/admin/_old.md',
15 verbose filtered diff   'packages/admin/docs/de/admin/_old2.md',
15 verbose filtered diff   'packages/admin/docs/de/admin/img/admin-2_ioBroker_Adapter_Admin_001a.jpg',
15 verbose filtered diff   'packages/admin/docs/de/admin/img/admin-2_ioBroker_Adapter_admin_User_02.jpg',
15 verbose filtered diff   'packages/admin/docs/de/admin/img/admin-2_ioBroker_Adapter_admin_User_Groups.jpg',
15 verbose filtered diff   'packages/admin/docs/de/admin/img/admin-2_ioBroker_Adapter_admin_User_Rechte_01.jpg',
15 verbose filtered diff   'packages/admin/docs/de/admin/img/admin-2_ioBroker_Admin_Adapter_Inhalt01.jpg',
15 verbose filtered diff   'packages/admin/docs/de/admin/img/admin-2_ioBroker_Admin_Instanzen_Cronjob.jpg',
15 verbose filtered diff   'packages/admin/docs/de/admin/img/admin-2_ioBroker_Admin_Instanzen_Headline_Icons-e1476803621402.jpg',
15 verbose filtered diff   'packages/admin/docs/de/admin/img/admin-reiter-adapter_ioBroker_Adapter_admin_adapters_icons01_20170108.jpg',
15 verbose filtered diff   'packages/admin/docs/de/admin/img/admin-reiter-adapter_ioBroker_Adapter_admin_adapters_icons02_20170108.jpg',
15 verbose filtered diff   'packages/admin/docs/de/admin/img/admin-reiter-adapter_ioBroker_Admin_Adapter_Inhalt01.jpg',
15 verbose filtered diff   'packages/admin/docs/de/admin/img/admin-reiter-adapter_ioBroker_Image_BPi_20160910.jpg',
15 verbose filtered diff   'packages/admin/docs/de/admin/img/admin-reiter-aufzaehlungen_ioBroker_Adapter_admin_Enums_01.jpg',
15 verbose filtered diff   'packages/admin/docs/de/admin/img/admin-reiter-aufzaehlungen_ioBroker_Adapter_admin_Enums_Headers_01.jpg',
15 verbose filtered diff   'packages/admin/docs/de/admin/img/admin-reiter-aufzaehlungen_ioBroker_Adapter_admin_Enums_Headers_03.jpg',
15 verbose filtered diff   'packages/admin/docs/de/admin/img/admin-reiter-aufzaehlungen_ioBroker_Adapter_admin_Enums_Info.jpg',
15 verbose filtered diff   'packages/admin/docs/de/admin/img/admin-reiter-aufzaehlungen_ioBroker_Adapter_admin_Enums_new.jpg',
15 verbose filtered diff   'packages/admin/docs/de/admin/img/admin-reiter-aufzaehlungen_ioBroker_Adapter_admin_Enums_new_Member.jpg',
15 verbose filtered diff   'packages/admin/docs/de/admin/img/admin-reiter-ereignisse_ioBroker_Admin_States_footer.jpg',
15 verbose filtered diff   'packages/admin/docs/de/admin/img/admin-reiter-instanzen_ioBroker_Admin_Instanzen_Headline_Columns.jpg',
15 verbose filtered diff   'packages/admin/docs/de/admin/img/admin-reiter-log_ioBroker_Adapter_Admin_004b_Verwahrungsorte2.jpg',
15 verbose filtered diff   'packages/admin/docs/de/admin/img/admin-reiter-objekte_ioBroker_Admin_Objekte_AddObjec02t.jpg',
15 verbose filtered diff   'packages/admin/docs/de/admin/img/admin-reiter-objekte_ioBroker_Admin_Objekte_Headline_Columns.jpg',
15 verbose filtered diff   'packages/admin/docs/de/admin/img/admin-reiter-objekte_ioBroker_Admin_Objekte_Rooms.jpg',
15 verbose filtered diff   'packages/admin/docs/de/admin/img/admin-reiter-objekte_ioBroker_Admin_Objekte_Structure01.jpg',
15 verbose filtered diff   'packages/admin/docs/de/admin/img/admin-reiter-zustaende_ioBroker_Admin_States_columns.jpg',
15 verbose filtered diff   'packages/admin/docs/de/admin/img/admin_Enums_Headers_01.jpg',
15 verbose filtered diff   'packages/admin/docs/de/admin/img/admin_Ereignisse_Spalten.jpg',
15 verbose filtered diff   'packages/admin/docs/de/admin/img/admin_User_01-1.jpg',
15 verbose filtered diff   'packages/admin/docs/de/admin/img/ioBroker_Image_BPi_20160910.jpg',
15 verbose filtered diff   'packages/admin/docs/de/admin/img/tab-adapters_002aa.jpg',
15 verbose filtered diff   'packages/admin/docs/de/admin/img/tab-adapters_002b.jpg',
15 verbose filtered diff   'packages/admin/docs/de/admin/img/tab-adapters_002c_GitHub.jpg',
15 verbose filtered diff   'packages/admin/docs/de/admin/img/tab-adapters_002c_ownFile.jpg',
15 verbose filtered diff   'packages/admin/docs/de/admin/img/tab-adapters_003a.jpg',
15 verbose filtered diff   'packages/admin/docs/de/admin/img/tab-adapters_Inhalt01.jpg',
15 verbose filtered diff   'packages/admin/docs/de/admin/img/tab-adapters_icons01_20170108-e1483882554815.jpg',
15 verbose filtered diff   'packages/admin/docs/de/admin/img/tab-adapters_icons02_20170108.jpg',
15 verbose filtered diff   'packages/admin/docs/de/admin/img/tab-enums_Enums_01.jpg',
15 verbose filtered diff   'packages/admin/docs/de/admin/img/tab-enums_Enums_Headers_03.jpg',
15 verbose filtered diff   'packages/admin/docs/de/admin/img/tab-enums_Enums_Info.jpg',
15 verbose filtered diff   'packages/admin/docs/de/admin/img/tab-enums_Enums_new.jpg',
15 verbose filtered diff   'packages/admin/docs/de/admin/img/tab-enums_Enums_new_Member.jpg',
15 verbose filtered diff   'packages/admin/docs/de/admin/img/tab-events_States_columns.jpg',
15 verbose filtered diff   'packages/admin/docs/de/admin/img/tab-events_States_footer.jpg',
15 verbose filtered diff   'packages/admin/docs/de/admin/img/tab-groups_User_Rechte_01.jpg',
15 verbose filtered diff   'packages/admin/docs/de/admin/img/tab-groups_admin_User_02.jpg',
15 verbose filtered diff   'packages/admin/docs/de/admin/img/tab-hosts_Hosts_01.jpg',
15 verbose filtered diff   'packages/admin/docs/de/admin/img/tab-hosts_Hosts_icons.jpg',
15 verbose filtered diff   'packages/admin/docs/de/admin/img/tab-instances_Cronjob.jpg',
15 verbose filtered diff   'packages/admin/docs/de/admin/img/tab-instances_Headline_Columns.jpg',
15 verbose filtered diff   'packages/admin/docs/de/admin/img/tab-instances_Icons-e1476803621402.jpg',
15 verbose filtered diff   'packages/admin/docs/de/admin/img/tab-instances_Inhalt00.jpg',
15 verbose filtered diff   'packages/admin/docs/de/admin/img/tab-instances_Instanzen_Status.jpg',
15 verbose filtered diff   'packages/admin/docs/de/admin/img/tab-log_01.jpg',
15 verbose filtered diff   'packages/admin/docs/de/admin/img/tab-log_icons.jpg',
15 verbose filtered diff   'packages/admin/docs/de/admin/img/tab-log_instances.jpg',
15 verbose filtered diff   'packages/admin/docs/de/admin/img/tab-log_loglevel.jpg',
15 verbose filtered diff   'packages/admin/docs/de/admin/img/tab-objects_AddObjec02t.jpg',
15 verbose filtered diff   'packages/admin/docs/de/admin/img/tab-objects_AddObject.jpg',
15 verbose filtered diff   'packages/admin/docs/de/admin/img/tab-objects_Headline_Columns.jpg',
15 verbose filtered diff   'packages/admin/docs/de/admin/img/tab-objects_Headline_Icons.jpg',
15 verbose filtered diff   'packages/admin/docs/de/admin/img/tab-objects_Inhalt00.jpg',
15 verbose filtered diff   'packages/admin/docs/de/admin/img/tab-objects_Rooms.jpg',
15 verbose filtered diff   'packages/admin/docs/de/admin/img/tab-objects_Structure01.jpg',
15 verbose filtered diff   'packages/admin/docs/de/admin/img/tab-objects_delete.jpg',
15 verbose filtered diff   'packages/admin/docs/de/admin/img/tab-states_columns.jpg',
15 verbose filtered diff   'packages/admin/docs/de/admin/img/tab-states_footer.jpg',
15 verbose filtered diff   'packages/admin/docs/de/admin/img/tab-system_2017-01-19-09_33_54-ioBroker.jpg',
15 verbose filtered diff   'packages/admin/docs/de/admin/img/tab-system_2017-01-19-09_40_07-ioBroker.jpg',
15 verbose filtered diff   'packages/admin/docs/de/admin/img/tab-system_2017-01-19-09_48_46-ioBroker.jpg',
15 verbose filtered diff   'packages/admin/docs/de/admin/img/tab-system_Systemeinstellungen.jpg',
15 verbose filtered diff   'packages/admin/docs/de/admin/img/tab-system_Verwahrungsorte2.jpg',
15 verbose filtered diff   'packages/admin/docs/de/admin/img/tab-user_01-1.jpg',
15 verbose filtered diff   'packages/admin/docs/de/admin/img/tab-user_Groups.jpg',
15 verbose filtered diff   'packages/admin/docs/de/admin/tab-adapters.md',
15 verbose filtered diff   'packages/admin/docs/de/admin/tab-enums.md',
15 verbose filtered diff   'packages/admin/docs/de/admin/tab-events.md',
15 verbose filtered diff   'packages/admin/docs/de/admin/tab-groups.md',
15 verbose filtered diff   'packages/admin/docs/de/admin/tab-hosts.md',
15 verbose filtered diff   ... 574 more items
15 verbose filtered diff ]
16 silly checking diff packages/jsonConfig
17 silly found diff in packages/jsonConfig/.eslintrc.js
17 silly found diff in packages/jsonConfig/SCHEMA.md
17 silly found diff in packages/jsonConfig/package.json
17 silly found diff in packages/jsonConfig/src/JsonConfig.tsx
17 silly found diff in packages/jsonConfig/src/JsonConfigComponent/ChipInput.jsx
17 silly found diff in packages/jsonConfig/src/JsonConfigComponent/ConfigAccordion.jsx
17 silly found diff in packages/jsonConfig/src/JsonConfigComponent/ConfigAlive.jsx
17 silly found diff in packages/jsonConfig/src/JsonConfigComponent/ConfigAutocomplete.tsx
17 silly found diff in packages/jsonConfig/src/JsonConfigComponent/ConfigAutocompleteSendTo.tsx
17 silly found diff in packages/jsonConfig/src/JsonConfigComponent/ConfigCRON.jsx
17 silly found diff in packages/jsonConfig/src/JsonConfigComponent/ConfigCertCollection.jsx
17 silly found diff in packages/jsonConfig/src/JsonConfigComponent/ConfigCertificateSelect.jsx
17 silly found diff in packages/jsonConfig/src/JsonConfigComponent/ConfigCertificates.jsx
17 silly found diff in packages/jsonConfig/src/JsonConfigComponent/ConfigCheckLicense.jsx
17 silly found diff in packages/jsonConfig/src/JsonConfigComponent/ConfigCheckbox.tsx
17 silly found diff in packages/jsonConfig/src/JsonConfigComponent/ConfigChip.jsx
17 silly found diff in packages/jsonConfig/src/JsonConfigComponent/ConfigColor.jsx
17 silly found diff in packages/jsonConfig/src/JsonConfigComponent/ConfigCoordinates.jsx
17 silly found diff in packages/jsonConfig/src/JsonConfigComponent/ConfigCustom.jsx
17 silly found diff in packages/jsonConfig/src/JsonConfigComponent/ConfigDatePicker.jsx
17 silly found diff in packages/jsonConfig/src/JsonConfigComponent/ConfigDeviceManager.tsx
17 silly found diff in packages/jsonConfig/src/JsonConfigComponent/ConfigFile.jsx
17 silly found diff in packages/jsonConfig/src/JsonConfigComponent/ConfigFileSelector.jsx
17 silly found diff in packages/jsonConfig/src/JsonConfigComponent/ConfigFunc.jsx
17 silly found diff in packages/jsonConfig/src/JsonConfigComponent/ConfigGeneric.tsx
17 silly found diff in packages/jsonConfig/src/JsonConfigComponent/ConfigIP.jsx
17 silly found diff in packages/jsonConfig/src/JsonConfigComponent/ConfigImageSendTo.jsx
17 silly found diff in packages/jsonConfig/src/JsonConfigComponent/ConfigImageUpload.jsx
17 silly found diff in packages/jsonConfig/src/JsonConfigComponent/ConfigInstanceSelect.jsx
17 silly found diff in packages/jsonConfig/src/JsonConfigComponent/ConfigInterface.jsx
17 silly found diff in packages/jsonConfig/src/JsonConfigComponent/ConfigJsonEditor.jsx
17 silly found diff in packages/jsonConfig/src/JsonConfigComponent/ConfigLanguage.tsx
17 silly found diff in packages/jsonConfig/src/JsonConfigComponent/ConfigLicense.jsx
17 silly found diff in packages/jsonConfig/src/JsonConfigComponent/ConfigNumber.tsx
17 silly found diff in packages/jsonConfig/src/JsonConfigComponent/ConfigObjectId.jsx
17 silly found diff in packages/jsonConfig/src/JsonConfigComponent/ConfigPanel.jsx
17 silly found diff in packages/jsonConfig/src/JsonConfigComponent/ConfigPassword.jsx
17 silly found diff in packages/jsonConfig/src/JsonConfigComponent/ConfigPattern.jsx
17 silly found diff in packages/jsonConfig/src/JsonConfigComponent/ConfigPort.tsx
17 silly found diff in packages/jsonConfig/src/JsonConfigComponent/ConfigRoom.jsx
17 silly found diff in packages/jsonConfig/src/JsonConfigComponent/ConfigSelect.jsx
17 silly found diff in packages/jsonConfig/src/JsonConfigComponent/ConfigSelectSendTo.jsx
17 silly found diff in packages/jsonConfig/src/JsonConfigComponent/ConfigSendto.tsx
17 silly found diff in packages/jsonConfig/src/JsonConfigComponent/ConfigSetState.jsx
17 silly found diff in packages/jsonConfig/src/JsonConfigComponent/ConfigSlider.jsx
17 silly found diff in packages/jsonConfig/src/JsonConfigComponent/ConfigStaticDivider.jsx
17 silly found diff in packages/jsonConfig/src/JsonConfigComponent/ConfigStaticHeader.jsx
17 silly found diff in packages/jsonConfig/src/JsonConfigComponent/ConfigStaticImage.jsx
17 silly found diff in packages/jsonConfig/src/JsonConfigComponent/ConfigStaticText.jsx
17 silly found diff in packages/jsonConfig/src/JsonConfigComponent/ConfigTable.jsx
17 silly found diff in packages/jsonConfig/src/JsonConfigComponent/ConfigTabs.jsx
17 silly found diff in packages/jsonConfig/src/JsonConfigComponent/ConfigText.jsx
17 silly found diff in packages/jsonConfig/src/JsonConfigComponent/ConfigTextSendTo.jsx
17 silly found diff in packages/jsonConfig/src/JsonConfigComponent/ConfigTimePicker.jsx
17 silly found diff in packages/jsonConfig/src/JsonConfigComponent/ConfigTopic.jsx
17 silly found diff in packages/jsonConfig/src/JsonConfigComponent/ConfigUUID.jsx
17 silly found diff in packages/jsonConfig/src/JsonConfigComponent/ConfigUser.jsx
17 silly found diff in packages/jsonConfig/src/JsonConfigComponent/index.jsx
17 silly found diff in packages/jsonConfig/src/JsonConfigComponent/wrapper/AdminConnection.tsx
17 silly found diff in packages/jsonConfig/src/JsonConfigComponent/wrapper/Components/ColorPicker.jsx
17 silly found diff in packages/jsonConfig/src/JsonConfigComponent/wrapper/Components/CustomModal.jsx
17 silly found diff in packages/jsonConfig/src/JsonConfigComponent/wrapper/Components/Editor.jsx
17 silly found diff in packages/jsonConfig/src/JsonConfigComponent/wrapper/Components/Icon.jsx
17 silly found diff in packages/jsonConfig/src/JsonConfigComponent/wrapper/Components/TextWithIcon.jsx
17 silly found diff in packages/jsonConfig/src/JsonConfigComponent/wrapper/Components/UploadImage.jsx
17 silly found diff in packages/jsonConfig/src/JsonConfigComponent/wrapper/Components/Utils.jsx
17 silly found diff in packages/jsonConfig/src/JsonConfigComponent/wrapper/Dialogs/Confirm.jsx
17 silly found diff in packages/jsonConfig/src/JsonConfigComponent/wrapper/Dialogs/Cron.jsx
17 silly found diff in packages/jsonConfig/src/JsonConfigComponent/wrapper/Dialogs/Error.jsx
17 silly found diff in packages/jsonConfig/src/JsonConfigComponent/wrapper/Dialogs/Message.jsx
17 silly found diff in packages/jsonConfig/src/JsonConfigComponent/wrapper/Dialogs/SelectFile.jsx
17 silly found diff in packages/jsonConfig/src/JsonConfigComponent/wrapper/Dialogs/SelectID.jsx
17 silly found diff in packages/jsonConfig/src/JsonConfigComponent/wrapper/i18n.tsx
17 silly found diff in packages/jsonConfig/src/JsonConfigComponent/wrapper/icons/IconCopy.jsx
17 silly found diff in packages/jsonConfig/src/Utils.jsx
17 silly found diff in packages/jsonConfig/src/index.tsx
17 silly found diff in packages/jsonConfig/tsconfig.json
18 verbose filtered diff [
18 verbose filtered diff   'packages/jsonConfig/.eslintrc.js',
18 verbose filtered diff   'packages/jsonConfig/SCHEMA.md',
18 verbose filtered diff   'packages/jsonConfig/package.json',
18 verbose filtered diff   'packages/jsonConfig/src/JsonConfig.tsx',
18 verbose filtered diff   'packages/jsonConfig/src/JsonConfigComponent/ChipInput.jsx',
18 verbose filtered diff   'packages/jsonConfig/src/JsonConfigComponent/ConfigAccordion.jsx',
18 verbose filtered diff   'packages/jsonConfig/src/JsonConfigComponent/ConfigAlive.jsx',
18 verbose filtered diff   'packages/jsonConfig/src/JsonConfigComponent/ConfigAutocomplete.tsx',
18 verbose filtered diff   'packages/jsonConfig/src/JsonConfigComponent/ConfigAutocompleteSendTo.tsx',
18 verbose filtered diff   'packages/jsonConfig/src/JsonConfigComponent/ConfigCRON.jsx',
18 verbose filtered diff   'packages/jsonConfig/src/JsonConfigComponent/ConfigCertCollection.jsx',
18 verbose filtered diff   'packages/jsonConfig/src/JsonConfigComponent/ConfigCertificateSelect.jsx',
18 verbose filtered diff   'packages/jsonConfig/src/JsonConfigComponent/ConfigCertificates.jsx',
18 verbose filtered diff   'packages/jsonConfig/src/JsonConfigComponent/ConfigCheckLicense.jsx',
18 verbose filtered diff   'packages/jsonConfig/src/JsonConfigComponent/ConfigCheckbox.tsx',
18 verbose filtered diff   'packages/jsonConfig/src/JsonConfigComponent/ConfigChip.jsx',
18 verbose filtered diff   'packages/jsonConfig/src/JsonConfigComponent/ConfigColor.jsx',
18 verbose filtered diff   'packages/jsonConfig/src/JsonConfigComponent/ConfigCoordinates.jsx',
18 verbose filtered diff   'packages/jsonConfig/src/JsonConfigComponent/ConfigCustom.jsx',
18 verbose filtered diff   'packages/jsonConfig/src/JsonConfigComponent/ConfigDatePicker.jsx',
18 verbose filtered diff   'packages/jsonConfig/src/JsonConfigComponent/ConfigDeviceManager.tsx',
18 verbose filtered diff   'packages/jsonConfig/src/JsonConfigComponent/ConfigFile.jsx',
18 verbose filtered diff   'packages/jsonConfig/src/JsonConfigComponent/ConfigFileSelector.jsx',
18 verbose filtered diff   'packages/jsonConfig/src/JsonConfigComponent/ConfigFunc.jsx',
18 verbose filtered diff   'packages/jsonConfig/src/JsonConfigComponent/ConfigGeneric.tsx',
18 verbose filtered diff   'packages/jsonConfig/src/JsonConfigComponent/ConfigIP.jsx',
18 verbose filtered diff   'packages/jsonConfig/src/JsonConfigComponent/ConfigImageSendTo.jsx',
18 verbose filtered diff   'packages/jsonConfig/src/JsonConfigComponent/ConfigImageUpload.jsx',
18 verbose filtered diff   'packages/jsonConfig/src/JsonConfigComponent/ConfigInstanceSelect.jsx',
18 verbose filtered diff   'packages/jsonConfig/src/JsonConfigComponent/ConfigInterface.jsx',
18 verbose filtered diff   'packages/jsonConfig/src/JsonConfigComponent/ConfigJsonEditor.jsx',
18 verbose filtered diff   'packages/jsonConfig/src/JsonConfigComponent/ConfigLanguage.tsx',
18 verbose filtered diff   'packages/jsonConfig/src/JsonConfigComponent/ConfigLicense.jsx',
18 verbose filtered diff   'packages/jsonConfig/src/JsonConfigComponent/ConfigNumber.tsx',
18 verbose filtered diff   'packages/jsonConfig/src/JsonConfigComponent/ConfigObjectId.jsx',
18 verbose filtered diff   'packages/jsonConfig/src/JsonConfigComponent/ConfigPanel.jsx',
18 verbose filtered diff   'packages/jsonConfig/src/JsonConfigComponent/ConfigPassword.jsx',
18 verbose filtered diff   'packages/jsonConfig/src/JsonConfigComponent/ConfigPattern.jsx',
18 verbose filtered diff   'packages/jsonConfig/src/JsonConfigComponent/ConfigPort.tsx',
18 verbose filtered diff   'packages/jsonConfig/src/JsonConfigComponent/ConfigRoom.jsx',
18 verbose filtered diff   'packages/jsonConfig/src/JsonConfigComponent/ConfigSelect.jsx',
18 verbose filtered diff   'packages/jsonConfig/src/JsonConfigComponent/ConfigSelectSendTo.jsx',
18 verbose filtered diff   'packages/jsonConfig/src/JsonConfigComponent/ConfigSendto.tsx',
18 verbose filtered diff   'packages/jsonConfig/src/JsonConfigComponent/ConfigSetState.jsx',
18 verbose filtered diff   'packages/jsonConfig/src/JsonConfigComponent/ConfigSlider.jsx',
18 verbose filtered diff   'packages/jsonConfig/src/JsonConfigComponent/ConfigStaticDivider.jsx',
18 verbose filtered diff   'packages/jsonConfig/src/JsonConfigComponent/ConfigStaticHeader.jsx',
18 verbose filtered diff   'packages/jsonConfig/src/JsonConfigComponent/ConfigStaticImage.jsx',
18 verbose filtered diff   'packages/jsonConfig/src/JsonConfigComponent/ConfigStaticText.jsx',
18 verbose filtered diff   'packages/jsonConfig/src/JsonConfigComponent/ConfigTable.jsx',
18 verbose filtered diff   'packages/jsonConfig/src/JsonConfigComponent/ConfigTabs.jsx',
18 verbose filtered diff   'packages/jsonConfig/src/JsonConfigComponent/ConfigText.jsx',
18 verbose filtered diff   'packages/jsonConfig/src/JsonConfigComponent/ConfigTextSendTo.jsx',
18 verbose filtered diff   'packages/jsonConfig/src/JsonConfigComponent/ConfigTimePicker.jsx',
18 verbose filtered diff   'packages/jsonConfig/src/JsonConfigComponent/ConfigTopic.jsx',
18 verbose filtered diff   'packages/jsonConfig/src/JsonConfigComponent/ConfigUUID.jsx',
18 verbose filtered diff   'packages/jsonConfig/src/JsonConfigComponent/ConfigUser.jsx',
18 verbose filtered diff   'packages/jsonConfig/src/JsonConfigComponent/index.jsx',
18 verbose filtered diff   'packages/jsonConfig/src/JsonConfigComponent/wrapper/AdminConnection.tsx',
18 verbose filtered diff   'packages/jsonConfig/src/JsonConfigComponent/wrapper/Components/ColorPicker.jsx',
18 verbose filtered diff   'packages/jsonConfig/src/JsonConfigComponent/wrapper/Components/CustomModal.jsx',
18 verbose filtered diff   'packages/jsonConfig/src/JsonConfigComponent/wrapper/Components/Editor.jsx',
18 verbose filtered diff   'packages/jsonConfig/src/JsonConfigComponent/wrapper/Components/Icon.jsx',
18 verbose filtered diff   'packages/jsonConfig/src/JsonConfigComponent/wrapper/Components/TextWithIcon.jsx',
18 verbose filtered diff   'packages/jsonConfig/src/JsonConfigComponent/wrapper/Components/UploadImage.jsx',
18 verbose filtered diff   'packages/jsonConfig/src/JsonConfigComponent/wrapper/Components/Utils.jsx',
18 verbose filtered diff   'packages/jsonConfig/src/JsonConfigComponent/wrapper/Dialogs/Confirm.jsx',
18 verbose filtered diff   'packages/jsonConfig/src/JsonConfigComponent/wrapper/Dialogs/Cron.jsx',
18 verbose filtered diff   'packages/jsonConfig/src/JsonConfigComponent/wrapper/Dialogs/Error.jsx',
18 verbose filtered diff   'packages/jsonConfig/src/JsonConfigComponent/wrapper/Dialogs/Message.jsx',
18 verbose filtered diff   'packages/jsonConfig/src/JsonConfigComponent/wrapper/Dialogs/SelectFile.jsx',
18 verbose filtered diff   'packages/jsonConfig/src/JsonConfigComponent/wrapper/Dialogs/SelectID.jsx',
18 verbose filtered diff   'packages/jsonConfig/src/JsonConfigComponent/wrapper/i18n.tsx',
18 verbose filtered diff   'packages/jsonConfig/src/JsonConfigComponent/wrapper/icons/IconCopy.jsx',
18 verbose filtered diff   'packages/jsonConfig/src/Utils.jsx',
18 verbose filtered diff   'packages/jsonConfig/src/index.tsx',
18 verbose filtered diff   'packages/jsonConfig/tsconfig.json'
18 verbose filtered diff ]
19 verbose updated iobroker.admin
20 verbose updated @iobroker/json-config
21 verbose git-describe undefined => "v6.12.4-18-gfbc7ad15"
22 silly git-describe parsed => {"lastTagName":"v6.12.4","lastVersion":"v6.12.4","refCount":"18","sha":"fbc7ad15","isDirty":false}
23 info auto-confirmed
24 info execute Skipping git push
25 info execute Skipping releases
26 silly lifecycle No script for "preversion" in "iobroker.admin-mono", continuing
27 silly lifecycle No script for "preversion" in "iobroker.admin", continuing
28 silly lifecycle No script for "preversion" in "@iobroker/json-config", continuing
29 verbose version @iobroker/json-config has no lockfile. Skipping lockfile update.
30 verbose version iobroker.admin has no lockfile. Skipping lockfile update.
31 silly lifecycle No script for "version" in "iobroker.admin", continuing
32 silly lifecycle No script for "version" in "@iobroker/json-config", continuing
33 silly lifecycle No script for "version" in "iobroker.admin-mono", continuing
34 verbose version Updating root package-lock.json
35 error Error: Command failed with exit code 1: npm install --package-lock-only --ignore-scripts
35 error npm ERR! code ERESOLVE
35 error npm ERR! ERESOLVE could not resolve
35 error npm ERR!
35 error npm ERR! While resolving: @mui/styles@5.14.14
35 error npm ERR! Found: react@18.2.0
35 error npm ERR! node_modules/react
35 error npm ERR!   dev react@"^18.2.0" from the root project
35 error npm ERR!   peer react@">=16.8.0" from @emotion/react@11.11.1
35 error npm ERR!   node_modules/@emotion/react
35 error npm ERR!     peer @emotion/react@"^11.0.0-rc.0" from @emotion/styled@11.11.0
35 error npm ERR!     node_modules/@emotion/styled
35 error npm ERR!       @emotion/styled@"^11.11.0" from @iobroker/adapter-react-v5@4.8.1
35 error npm ERR!       node_modules/@iobroker/adapter-react-v5
35 error npm ERR!         dev @iobroker/adapter-react-v5@"^4.7.0" from the root project
35 error npm ERR!         1 more (@iobroker/dm-gui-components)
35 error npm ERR!       6 more (@mui/lab, @mui/material, @mui/styled-engine, ...)
35 error npm ERR!     @emotion/react@"^11.11.1" from @iobroker/adapter-react-v5@4.8.1
35 error npm ERR!     node_modules/@iobroker/adapter-react-v5
35 error npm ERR!       dev @iobroker/adapter-react-v5@"^4.7.0" from the root project
35 error npm ERR!       1 more (@iobroker/dm-gui-components)
35 error npm ERR!     6 more (@mui/lab, @mui/material, @mui/styled-engine, ...)
35 error npm ERR!   40 more (@emotion/styled, ...)
35 error npm ERR!
35 error npm ERR! Could not resolve dependency:
35 error npm ERR! peer react@"^17.0.0" from @mui/styles@5.14.14
35 error npm ERR! node_modules/@mui/styles
35 error npm ERR!   dev @mui/styles@"5.14.14" from the root project
35 error npm ERR!   @mui/styles@"5.14.14" from @iobroker/adapter-react-v5@4.8.1
35 error npm ERR!   node_modules/@iobroker/adapter-react-v5
35 error npm ERR!     dev @iobroker/adapter-react-v5@"^4.7.0" from the root project
35 error npm ERR!     1 more (@iobroker/dm-gui-components)
35 error npm ERR!
35 error npm ERR! Conflicting peer dependency: react@17.0.2
35 error npm ERR! node_modules/react
35 error npm ERR!   peer react@"^17.0.0" from @mui/styles@5.14.14
35 error npm ERR!   node_modules/@mui/styles
35 error npm ERR!     dev @mui/styles@"5.14.14" from the root project
35 error npm ERR!     @mui/styles@"5.14.14" from @iobroker/adapter-react-v5@4.8.1
35 error npm ERR!     node_modules/@iobroker/adapter-react-v5
35 error npm ERR!       dev @iobroker/adapter-react-v5@"^4.7.0" from the root project
35 error npm ERR!       1 more (@iobroker/dm-gui-components)
35 error npm ERR!
35 error npm ERR! Fix the upstream dependency conflict, or retry
35 error npm ERR! this command with --force, or --legacy-peer-deps
35 error npm ERR! to accept an incorrect (and potentially broken) dependency resolution.
35 error npm ERR!
35 error npm ERR! See /home/moritz/.npm/eresolve-report.txt for a full report.
35 error
35 error npm ERR! A complete log of this run can be found in:
35 error npm ERR!     /home/moritz/.npm/_logs/2023-12-19T07_56_36_875Z-debug-0.log
35 error     at makeError (/home/moritz/workspaces/ioBroker.admin/node_modules/execa/lib/error.js:60:11)
35 error     at handlePromise (/home/moritz/workspaces/ioBroker.admin/node_modules/execa/index.js:118:26)
35 error     at processTicksAndRejections (node:internal/process/task_queues:96:5)
35 error     at async VersionCommand.updatePackageVersions (/home/moritz/workspaces/ioBroker.admin/node_modules/lerna/dist/index.js:8317:13)
35 error     at async Promise.all (index 0)
