[NX v21.6.6 Daemon Server] - 2025-10-23T17:17:36.616Z - Started listening on: \\.\pipe\nx\C:\Users\DENISH~1\AppData\Local\Temp\44c47230d8b7132e2242\d.sock
[NX v21.6.6 Daemon Server] - 2025-10-23T17:17:36.618Z - [WATCHER]: Subscribed to changes within: C:\iot\ioBroker.admin (native)
[NX v21.6.6 Daemon Server] - 2025-10-23T17:17:36.629Z - Established a connection. Number of open connections: 1
[NX v21.6.6 Daemon Server] - 2025-10-23T17:17:36.631Z - Closed a connection. Number of open connections: 0
[NX v21.6.6 Daemon Server] - 2025-10-23T17:17:36.632Z - Established a connection. Number of open connections: 1
[NX v21.6.6 Daemon Server] - 2025-10-23T17:17:36.633Z - [REQUEST]: Client Request for Project Graph Received
[NX v21.6.6 Daemon Server] - 2025-10-23T17:17:36.652Z - [REQUEST]: Updated workspace context based on watched changes, recomputing project graph...
[NX v21.6.6 Daemon Server] - 2025-10-23T17:17:36.661Z - [REQUEST]: 
[NX v21.6.6 Daemon Server] - 2025-10-23T17:17:36.661Z - [REQUEST]: 
[NX v21.6.6 Daemon Server] - 2025-10-23T17:17:36.663Z - No files changed, but no in-memory cached project graph found. Recomputing it...
[NX v21.6.6 Daemon Server] - 2025-10-23T17:17:36.776Z - Wrote project graph cache to C:\iot\ioBroker.admin\.nx\workspace-data\project-graph.json
[NX v21.6.6 Daemon Server] - 2025-10-23T17:17:36.776Z - [SYNC]: collect registered sync generators
[NX v21.6.6 Daemon Server] - 2025-10-23T17:17:36.777Z - [REQUEST]: Responding to the client. project-graph
[NX v21.6.6 Daemon Server] - 2025-10-23T17:17:36.778Z - Time taken for 'total for creating and serializing project graph' 143.806ms
[NX v21.6.6 Daemon Server] - 2025-10-23T17:17:36.778Z - Done responding to the client project-graph
[NX v21.6.6 Daemon Server] - 2025-10-23T17:17:36.779Z - Handled REQUEST_PROJECT_GRAPH. Handling time: 144. Response time: 2.
[NX v21.6.6 Daemon Server] - 2025-10-23T17:17:36.784Z - [REQUEST]: Responding to the client. handleContextFileData
[NX v21.6.6 Daemon Server] - 2025-10-23T17:17:36.784Z - Done responding to the client handleContextFileData
[NX v21.6.6 Daemon Server] - 2025-10-23T17:17:36.784Z - Handled GET_CONTEXT_FILE_DATA. Handling time: 2. Response time: 0.
[NX v21.6.6 Daemon Server] - 2025-10-23T17:17:36.825Z - [REQUEST]: Client Request for Project Graph Received
[NX v21.6.6 Daemon Server] - 2025-10-23T17:17:36.825Z - Reusing in-memory cached project graph because no files changed.
[NX v21.6.6 Daemon Server] - 2025-10-23T17:17:36.825Z - [REQUEST]: Responding to the client. project-graph
[NX v21.6.6 Daemon Server] - 2025-10-23T17:17:36.826Z - Time taken for 'total for creating and serializing project graph' 0.49960000000004356ms
[NX v21.6.6 Daemon Server] - 2025-10-23T17:17:36.826Z - Done responding to the client project-graph
[NX v21.6.6 Daemon Server] - 2025-10-23T17:17:36.826Z - Handled REQUEST_PROJECT_GRAPH. Handling time: 0. Response time: 1.
[NX v21.6.6 Daemon Server] - 2025-10-23T17:17:36.831Z - [REQUEST]: Responding to the client. handleRunPreTasksExecution
[NX v21.6.6 Daemon Server] - 2025-10-23T17:17:36.831Z - Time taken for 'preTasksExecution' 0.4759999999999991ms
[NX v21.6.6 Daemon Server] - 2025-10-23T17:17:36.831Z - Done responding to the client handleRunPreTasksExecution
[NX v21.6.6 Daemon Server] - 2025-10-23T17:17:36.831Z - Handled PRE_TASKS_EXECUTION. Handling time: 1. Response time: 0.
[NX v21.6.6 Daemon Server] - 2025-10-23T17:17:36.844Z - Reusing in-memory cached project graph because no files changed.
DEBUG nx::native::tasks::hash_planner: get_plans_internal COMPLETED in 1.9721ms - processed 3 tasks (setup: 1.4608ms, parallel_planning: 505.9µs)
DEBUG nx::native::tasks::hashers::hash_workspace_files: Hashing workspace fileset{cache_key="nx.json,.gitignore,.nxignore"}: Adding "10106321824326975312" (".gitignore") to hash
DEBUG nx::native::tasks::hashers::hash_workspace_files: Hashing workspace fileset{cache_key="nx.json,.gitignore,.nxignore"}: Adding "6262955829355392551" ("nx.json") to hash
DEBUG nx::native::tasks::hashers::hash_workspace_files: Hashing workspace fileset{cache_key="nx.json,.gitignore,.nxignore"}: Hash Value: "5746134001167475245"
DEBUG nx::native::tasks::task_hasher: hash_plans COMPLETED in 2.6391ms - processed 3 plans (setup: 210.4µs, hashing: 2.427ms, assembly: 864.1µs)
[NX v21.6.6 Daemon Server] - 2025-10-23T17:17:36.855Z - [REQUEST]: Responding to the client. handleHashTasks
[NX v21.6.6 Daemon Server] - 2025-10-23T17:17:36.855Z - Done responding to the client handleHashTasks
[NX v21.6.6 Daemon Server] - 2025-10-23T17:17:36.855Z - Handled HASH_TASKS. Handling time: 12. Response time: 0.
[NX v21.6.6 Daemon Server] - 2025-10-23T17:17:36.869Z - [REQUEST]: Responding to the client. handleGetEstimatedTaskTimings
[NX v21.6.6 Daemon Server] - 2025-10-23T17:17:36.869Z - Done responding to the client handleGetEstimatedTaskTimings
[NX v21.6.6 Daemon Server] - 2025-10-23T17:17:36.869Z - Handled GET_ESTIMATED_TASK_TIMINGS. Handling time: 2. Response time: 0.
[NX v21.6.6 Daemon Server] - 2025-10-23T17:17:37.434Z - [REQUEST]: Responding to the client. recordOutputsHash
[NX v21.6.6 Daemon Server] - 2025-10-23T17:17:37.434Z - Done responding to the client recordOutputsHash
[NX v21.6.6 Daemon Server] - 2025-10-23T17:17:37.434Z - Handled RECORD_OUTPUTS_HASH. Handling time: 0. Response time: 0.
[NX v21.6.6 Daemon Server] - 2025-10-23T17:17:37.440Z - [REQUEST]: Responding to the client. recordOutputsHash
[NX v21.6.6 Daemon Server] - 2025-10-23T17:17:37.440Z - Done responding to the client recordOutputsHash
[NX v21.6.6 Daemon Server] - 2025-10-23T17:17:37.440Z - Handled RECORD_OUTPUTS_HASH. Handling time: 0. Response time: 0.
[NX v21.6.6 Daemon Server] - 2025-10-23T17:17:37.452Z - [REQUEST]: Responding to the client. recordOutputsHash
[NX v21.6.6 Daemon Server] - 2025-10-23T17:17:37.452Z - Done responding to the client recordOutputsHash
[NX v21.6.6 Daemon Server] - 2025-10-23T17:17:37.452Z - Handled RECORD_OUTPUTS_HASH. Handling time: 0. Response time: 0.
[NX v21.6.6 Daemon Server] - 2025-10-23T17:17:37.455Z - [REQUEST]: Responding to the client. handleRecordTaskRuns
[NX v21.6.6 Daemon Server] - 2025-10-23T17:17:37.455Z - Done responding to the client handleRecordTaskRuns
[NX v21.6.6 Daemon Server] - 2025-10-23T17:17:37.455Z - Handled RECORD_TASK_RUNS. Handling time: 1. Response time: 0.
[NX v21.6.6 Daemon Server] - 2025-10-23T17:17:37.456Z - [REQUEST]: Responding to the client. handleGetFlakyTasks
[NX v21.6.6 Daemon Server] - 2025-10-23T17:17:37.456Z - Done responding to the client handleGetFlakyTasks
[NX v21.6.6 Daemon Server] - 2025-10-23T17:17:37.456Z - Handled GET_FLAKY_TASKS. Handling time: 0. Response time: 0.
[NX v21.6.6 Daemon Server] - 2025-10-23T17:17:37.459Z - [REQUEST]: Responding to the client. handleRunPostTasksExecution
[NX v21.6.6 Daemon Server] - 2025-10-23T17:17:37.459Z - Time taken for 'postTasksExecution' 0.22710000000006403ms
[NX v21.6.6 Daemon Server] - 2025-10-23T17:17:37.459Z - Done responding to the client handleRunPostTasksExecution
[NX v21.6.6 Daemon Server] - 2025-10-23T17:17:37.459Z - Handled POST_TASKS_EXECUTION. Handling time: 0. Response time: 0.
[NX v21.6.6 Daemon Server] - 2025-10-23T17:17:37.462Z - Closed a connection. Number of open connections: 0
[NX v21.6.6 Daemon Server] - 2025-10-23T17:17:37.466Z - [WATCHER]: Processing file changes in outputs
[NX v21.6.6 Daemon Server] - 2025-10-23T17:17:38.579Z - Established a connection. Number of open connections: 1
[NX v21.6.6 Daemon Server] - 2025-10-23T17:17:38.579Z - Closed a connection. Number of open connections: 0
[NX v21.6.6 Daemon Server] - 2025-10-23T17:17:38.580Z - Established a connection. Number of open connections: 1
[NX v21.6.6 Daemon Server] - 2025-10-23T17:17:38.581Z - [REQUEST]: Client Request for Project Graph Received
[NX v21.6.6 Daemon Server] - 2025-10-23T17:17:38.582Z - Reusing in-memory cached project graph because no files changed.
[NX v21.6.6 Daemon Server] - 2025-10-23T17:17:38.582Z - [REQUEST]: Responding to the client. project-graph
[NX v21.6.6 Daemon Server] - 2025-10-23T17:17:38.582Z - Time taken for 'total for creating and serializing project graph' 0.3045999999999367ms
[NX v21.6.6 Daemon Server] - 2025-10-23T17:17:38.583Z - Done responding to the client project-graph
[NX v21.6.6 Daemon Server] - 2025-10-23T17:17:38.583Z - Handled REQUEST_PROJECT_GRAPH. Handling time: 1. Response time: 1.
[NX v21.6.6 Daemon Server] - 2025-10-23T17:17:38.588Z - [REQUEST]: Responding to the client. handleContextFileData
[NX v21.6.6 Daemon Server] - 2025-10-23T17:17:38.588Z - Done responding to the client handleContextFileData
[NX v21.6.6 Daemon Server] - 2025-10-23T17:17:38.588Z - Handled GET_CONTEXT_FILE_DATA. Handling time: 1. Response time: 0.
[NX v21.6.6 Daemon Server] - 2025-10-23T17:17:38.632Z - [REQUEST]: Client Request for Project Graph Received
[NX v21.6.6 Daemon Server] - 2025-10-23T17:17:38.633Z - Reusing in-memory cached project graph because no files changed.
[NX v21.6.6 Daemon Server] - 2025-10-23T17:17:38.633Z - [REQUEST]: Responding to the client. project-graph
[NX v21.6.6 Daemon Server] - 2025-10-23T17:17:38.633Z - Time taken for 'total for creating and serializing project graph' 0.37789999999995416ms
[NX v21.6.6 Daemon Server] - 2025-10-23T17:17:38.634Z - Done responding to the client project-graph
[NX v21.6.6 Daemon Server] - 2025-10-23T17:17:38.634Z - Handled REQUEST_PROJECT_GRAPH. Handling time: 1. Response time: 1.
[NX v21.6.6 Daemon Server] - 2025-10-23T17:17:38.638Z - [REQUEST]: Responding to the client. handleRunPreTasksExecution
[NX v21.6.6 Daemon Server] - 2025-10-23T17:17:38.638Z - Time taken for 'preTasksExecution' 0.1607000000003609ms
[NX v21.6.6 Daemon Server] - 2025-10-23T17:17:38.638Z - Done responding to the client handleRunPreTasksExecution
[NX v21.6.6 Daemon Server] - 2025-10-23T17:17:38.638Z - Handled PRE_TASKS_EXECUTION. Handling time: 0. Response time: 0.
[NX v21.6.6 Daemon Server] - 2025-10-23T17:17:38.646Z - Reusing in-memory cached project graph because no files changed.
DEBUG nx::native::tasks::hash_planner: get_plans_internal COMPLETED in 2.0109ms - processed 4 tasks (setup: 1.3827ms, parallel_planning: 614.5µs)
DEBUG nx::native::tasks::task_hasher: hash_plans COMPLETED in 2.5688ms - processed 4 plans (setup: 272.7µs, hashing: 2.2945ms, assembly: 1.1319ms)
[NX v21.6.6 Daemon Server] - 2025-10-23T17:17:38.652Z - [REQUEST]: Responding to the client. handleHashTasks
[NX v21.6.6 Daemon Server] - 2025-10-23T17:17:38.653Z - Done responding to the client handleHashTasks
[NX v21.6.6 Daemon Server] - 2025-10-23T17:17:38.653Z - Handled HASH_TASKS. Handling time: 6. Response time: 1.
[NX v21.6.6 Daemon Server] - 2025-10-23T17:17:38.673Z - [REQUEST]: Responding to the client. handleGetEstimatedTaskTimings
[NX v21.6.6 Daemon Server] - 2025-10-23T17:17:38.673Z - Done responding to the client handleGetEstimatedTaskTimings
[NX v21.6.6 Daemon Server] - 2025-10-23T17:17:38.673Z - Handled GET_ESTIMATED_TASK_TIMINGS. Handling time: 0. Response time: 0.
[NX v21.6.6 Daemon Server] - 2025-10-23T17:17:39.279Z - [WATCHER]: Processing file changes in outputs
[NX v21.6.6 Daemon Server] - 2025-10-23T17:17:39.347Z - [WATCHER]: Processing file changes in outputs
[NX v21.6.6 Daemon Server] - 2025-10-23T17:17:39.423Z - [WATCHER]: 0 file(s) created or restored, 2 file(s) modified, 0 file(s) deleted
[NX v21.6.6 Daemon Server] - 2025-10-23T17:17:39.424Z - [WATCHER]: Processing file changes in outputs
[NX v21.6.6 Daemon Server] - 2025-10-23T17:17:39.515Z - [WATCHER]: Processing file changes in outputs
[NX v21.6.6 Daemon Server] - 2025-10-23T17:17:39.516Z - [WATCHER]: packages/adapter-react-v5/README.md was modified
[NX v21.6.6 Daemon Server] - 2025-10-23T17:17:39.531Z - [REQUEST]: Updated workspace context based on watched changes, recomputing project graph...
[NX v21.6.6 Daemon Server] - 2025-10-23T17:17:39.531Z - [REQUEST]: packages/adapter-react-v5/src/assets/devices.json,packages/adapter-react-v5/src/assets/rooms.json,packages/adapter-react-v5/README.md
[NX v21.6.6 Daemon Server] - 2025-10-23T17:17:39.531Z - [REQUEST]: 
[NX v21.6.6 Daemon Server] - 2025-10-23T17:17:39.566Z - Wrote project graph cache to C:\iot\ioBroker.admin\.nx\workspace-data\project-graph.json
[NX v21.6.6 Daemon Server] - 2025-10-23T17:17:39.566Z - [SYNC]: collect registered sync generators
[NX v21.6.6 Daemon Server] - 2025-10-23T17:17:39.567Z - [SYNC]: project graph hash is the same, not collecting task sync generators
[NX v21.6.6 Daemon Server] - 2025-10-23T17:17:39.567Z - [SYNC]: nx.json hash is the same, not collecting global sync generators
[NX v21.6.6 Daemon Server] - 2025-10-23T17:17:39.567Z - Time taken for 'hash changed files from watcher' 1.1523999999999432ms
[NX v21.6.6 Daemon Server] - 2025-10-23T17:17:41.621Z - [WATCHER]: Processing file changes in outputs
[NX v21.6.6 Daemon Server] - 2025-10-23T17:17:41.674Z - [WATCHER]: Processing file changes in outputs
[NX v21.6.6 Daemon Server] - 2025-10-23T17:17:41.731Z - [WATCHER]: Processing file changes in outputs
[NX v21.6.6 Daemon Server] - 2025-10-23T17:17:41.752Z - [REQUEST]: Responding to the client. recordOutputsHash
[NX v21.6.6 Daemon Server] - 2025-10-23T17:17:41.752Z - Done responding to the client recordOutputsHash
[NX v21.6.6 Daemon Server] - 2025-10-23T17:17:41.752Z - Handled RECORD_OUTPUTS_HASH. Handling time: 8. Response time: 0.
[NX v21.6.6 Daemon Server] - 2025-10-23T17:17:42.979Z - [WATCHER]: Processing file changes in outputs
[NX v21.6.6 Daemon Server] - 2025-10-23T17:17:43.030Z - [WATCHER]: Processing file changes in outputs
[NX v21.6.6 Daemon Server] - 2025-10-23T17:17:43.083Z - [WATCHER]: Processing file changes in outputs
[NX v21.6.6 Daemon Server] - 2025-10-23T17:17:43.134Z - [WATCHER]: Processing file changes in outputs
[NX v21.6.6 Daemon Server] - 2025-10-23T17:17:43.189Z - [WATCHER]: Processing file changes in outputs
[NX v21.6.6 Daemon Server] - 2025-10-23T17:17:43.242Z - [WATCHER]: Processing file changes in outputs
[NX v21.6.6 Daemon Server] - 2025-10-23T17:17:43.293Z - [WATCHER]: Processing file changes in outputs
[NX v21.6.6 Daemon Server] - 2025-10-23T17:17:43.356Z - [WATCHER]: Processing file changes in outputs
[NX v21.6.6 Daemon Server] - 2025-10-23T17:17:43.396Z - [REQUEST]: Responding to the client. recordOutputsHash
[NX v21.6.6 Daemon Server] - 2025-10-23T17:17:43.396Z - Done responding to the client recordOutputsHash
[NX v21.6.6 Daemon Server] - 2025-10-23T17:17:43.396Z - Handled RECORD_OUTPUTS_HASH. Handling time: 11. Response time: 0.
[NX v21.6.6 Daemon Server] - 2025-10-23T17:17:45.823Z - [WATCHER]: Processing file changes in outputs
[NX v21.6.6 Daemon Server] - 2025-10-23T17:17:45.902Z - [WATCHER]: Processing file changes in outputs
[NX v21.6.6 Daemon Server] - 2025-10-23T17:17:45.981Z - [WATCHER]: Processing file changes in outputs
[NX v21.6.6 Daemon Server] - 2025-10-23T17:17:46.035Z - [WATCHER]: Processing file changes in outputs
[NX v21.6.6 Daemon Server] - 2025-10-23T17:17:46.090Z - [WATCHER]: Processing file changes in outputs
[NX v21.6.6 Daemon Server] - 2025-10-23T17:17:46.146Z - [WATCHER]: Processing file changes in outputs
[NX v21.6.6 Daemon Server] - 2025-10-23T17:17:46.197Z - [WATCHER]: Processing file changes in outputs
[NX v21.6.6 Daemon Server] - 2025-10-23T17:17:46.249Z - [WATCHER]: Processing file changes in outputs
[NX v21.6.6 Daemon Server] - 2025-10-23T17:17:46.412Z - [WATCHER]: Processing file changes in outputs
[NX v21.6.6 Daemon Server] - 2025-10-23T17:17:46.463Z - [WATCHER]: Processing file changes in outputs
[NX v21.6.6 Daemon Server] - 2025-10-23T17:17:46.514Z - [WATCHER]: Processing file changes in outputs
[NX v21.6.6 Daemon Server] - 2025-10-23T17:17:46.587Z - [REQUEST]: Responding to the client. recordOutputsHash
[NX v21.6.6 Daemon Server] - 2025-10-23T17:17:46.588Z - Done responding to the client recordOutputsHash
[NX v21.6.6 Daemon Server] - 2025-10-23T17:17:46.588Z - Handled RECORD_OUTPUTS_HASH. Handling time: 12. Response time: 1.
[NX v21.6.6 Daemon Server] - 2025-10-23T17:17:46.592Z - [REQUEST]: Responding to the client. handleRecordTaskRuns
[NX v21.6.6 Daemon Server] - 2025-10-23T17:17:46.592Z - Done responding to the client handleRecordTaskRuns
[NX v21.6.6 Daemon Server] - 2025-10-23T17:17:46.592Z - Handled RECORD_TASK_RUNS. Handling time: 2. Response time: 0.
[NX v21.6.6 Daemon Server] - 2025-10-23T17:17:46.593Z - [REQUEST]: Responding to the client. handleGetFlakyTasks
[NX v21.6.6 Daemon Server] - 2025-10-23T17:17:46.593Z - Done responding to the client handleGetFlakyTasks
[NX v21.6.6 Daemon Server] - 2025-10-23T17:17:46.593Z - Handled GET_FLAKY_TASKS. Handling time: 0. Response time: 0.
[NX v21.6.6 Daemon Server] - 2025-10-23T17:17:46.596Z - [REQUEST]: Responding to the client. handleRunPostTasksExecution
[NX v21.6.6 Daemon Server] - 2025-10-23T17:17:46.596Z - Time taken for 'postTasksExecution' 0.19629999999961ms
[NX v21.6.6 Daemon Server] - 2025-10-23T17:17:46.596Z - Done responding to the client handleRunPostTasksExecution
[NX v21.6.6 Daemon Server] - 2025-10-23T17:17:46.596Z - Handled POST_TASKS_EXECUTION. Handling time: 1. Response time: 0.
[NX v21.6.6 Daemon Server] - 2025-10-23T17:17:46.599Z - Closed a connection. Number of open connections: 0
[NX v21.6.6 Daemon Server] - 2025-10-23T17:23:07.173Z - [WATCHER]: package-lock.json was modified
[NX v21.6.6 Daemon Server] - 2025-10-23T17:23:07.173Z - [WATCHER]: Processing file changes in outputs
[NX v21.6.6 Daemon Server] - 2025-10-23T17:23:07.380Z - [REQUEST]: Updated workspace context based on watched changes, recomputing project graph...
[NX v21.6.6 Daemon Server] - 2025-10-23T17:23:07.380Z - [REQUEST]: package-lock.json
[NX v21.6.6 Daemon Server] - 2025-10-23T17:23:07.380Z - [REQUEST]: 
[NX v21.6.6 Daemon Server] - 2025-10-23T17:23:07.420Z - Wrote project graph cache to C:\iot\ioBroker.admin\.nx\workspace-data\project-graph.json
[NX v21.6.6 Daemon Server] - 2025-10-23T17:23:07.420Z - [SYNC]: collect registered sync generators
[NX v21.6.6 Daemon Server] - 2025-10-23T17:23:07.420Z - [SYNC]: project graph hash is the same, not collecting task sync generators
[NX v21.6.6 Daemon Server] - 2025-10-23T17:23:07.420Z - [SYNC]: nx.json hash is the same, not collecting global sync generators
[NX v21.6.6 Daemon Server] - 2025-10-23T17:23:07.420Z - Time taken for 'hash changed files from watcher' 2.3158000000403263ms
[NX v21.6.6 Daemon Server] - 2025-10-23T17:23:10.567Z - [WATCHER]: package-lock.json was modified
[NX v21.6.6 Daemon Server] - 2025-10-23T17:23:10.568Z - [WATCHER]: Processing file changes in outputs
[NX v21.6.6 Daemon Server] - 2025-10-23T17:23:10.975Z - [REQUEST]: Updated workspace context based on watched changes, recomputing project graph...
[NX v21.6.6 Daemon Server] - 2025-10-23T17:23:10.975Z - [REQUEST]: package-lock.json
[NX v21.6.6 Daemon Server] - 2025-10-23T17:23:10.975Z - [REQUEST]: 
[NX v21.6.6 Daemon Server] - 2025-10-23T17:23:11.009Z - Wrote project graph cache to C:\iot\ioBroker.admin\.nx\workspace-data\project-graph.json
[NX v21.6.6 Daemon Server] - 2025-10-23T17:23:11.009Z - [SYNC]: collect registered sync generators
[NX v21.6.6 Daemon Server] - 2025-10-23T17:23:11.010Z - [SYNC]: project graph hash is the same, not collecting task sync generators
[NX v21.6.6 Daemon Server] - 2025-10-23T17:23:11.010Z - [SYNC]: nx.json hash is the same, not collecting global sync generators
[NX v21.6.6 Daemon Server] - 2025-10-23T17:23:11.010Z - Time taken for 'hash changed files from watcher' 1.5089000000152737ms
[NX v21.6.6 Daemon Server] - 2025-10-23T17:23:12.821Z - [WATCHER]: package-lock.json was modified
[NX v21.6.6 Daemon Server] - 2025-10-23T17:23:12.821Z - [WATCHER]: Processing file changes in outputs
[NX v21.6.6 Daemon Server] - 2025-10-23T17:23:13.632Z - [REQUEST]: Updated workspace context based on watched changes, recomputing project graph...
[NX v21.6.6 Daemon Server] - 2025-10-23T17:23:13.632Z - [REQUEST]: package-lock.json
[NX v21.6.6 Daemon Server] - 2025-10-23T17:23:13.632Z - [REQUEST]: 
[NX v21.6.6 Daemon Server] - 2025-10-23T17:23:13.674Z - Wrote project graph cache to C:\iot\ioBroker.admin\.nx\workspace-data\project-graph.json
[NX v21.6.6 Daemon Server] - 2025-10-23T17:23:13.674Z - [SYNC]: collect registered sync generators
[NX v21.6.6 Daemon Server] - 2025-10-23T17:23:13.674Z - [SYNC]: project graph hash is the same, not collecting task sync generators
[NX v21.6.6 Daemon Server] - 2025-10-23T17:23:13.674Z - [SYNC]: nx.json hash is the same, not collecting global sync generators
[NX v21.6.6 Daemon Server] - 2025-10-23T17:23:13.675Z - Time taken for 'hash changed files from watcher' 1.3727000000071712ms
[NX v21.6.6 Daemon Server] - 2025-10-23T17:23:14.960Z - [WATCHER]: package-lock.json was modified
[NX v21.6.6 Daemon Server] - 2025-10-23T17:23:14.960Z - [WATCHER]: Processing file changes in outputs
[NX v21.6.6 Daemon Server] - 2025-10-23T17:23:16.561Z - [REQUEST]: Updated workspace context based on watched changes, recomputing project graph...
[NX v21.6.6 Daemon Server] - 2025-10-23T17:23:16.561Z - [REQUEST]: package-lock.json
[NX v21.6.6 Daemon Server] - 2025-10-23T17:23:16.561Z - [REQUEST]: 
[NX v21.6.6 Daemon Server] - 2025-10-23T17:23:16.589Z - Wrote project graph cache to C:\iot\ioBroker.admin\.nx\workspace-data\project-graph.json
[NX v21.6.6 Daemon Server] - 2025-10-23T17:23:16.590Z - [SYNC]: collect registered sync generators
[NX v21.6.6 Daemon Server] - 2025-10-23T17:23:16.590Z - [SYNC]: project graph hash is the same, not collecting task sync generators
[NX v21.6.6 Daemon Server] - 2025-10-23T17:23:16.590Z - [SYNC]: nx.json hash is the same, not collecting global sync generators
[NX v21.6.6 Daemon Server] - 2025-10-23T17:23:16.590Z - Time taken for 'hash changed files from watcher' 1.3110999999917112ms
[NX v21.6.6 Daemon Server] - 2025-10-23T17:23:17.418Z - [WATCHER]: package-lock.json was modified
[NX v21.6.6 Daemon Server] - 2025-10-23T17:23:17.418Z - [WATCHER]: Processing file changes in outputs
[NX v21.6.6 Daemon Server] - 2025-10-23T17:23:19.621Z - [WATCHER]: Processing file changes in outputs
[NX v21.6.6 Daemon Server] - 2025-10-23T17:23:20.620Z - [REQUEST]: Updated workspace context based on watched changes, recomputing project graph...
[NX v21.6.6 Daemon Server] - 2025-10-23T17:23:20.620Z - [REQUEST]: package-lock.json
[NX v21.6.6 Daemon Server] - 2025-10-23T17:23:20.620Z - [REQUEST]: 
[NX v21.6.6 Daemon Server] - 2025-10-23T17:23:20.653Z - Wrote project graph cache to C:\iot\ioBroker.admin\.nx\workspace-data\project-graph.json
[NX v21.6.6 Daemon Server] - 2025-10-23T17:23:20.653Z - [SYNC]: collect registered sync generators
[NX v21.6.6 Daemon Server] - 2025-10-23T17:23:20.653Z - [SYNC]: project graph hash is the same, not collecting task sync generators
[NX v21.6.6 Daemon Server] - 2025-10-23T17:23:20.653Z - [SYNC]: nx.json hash is the same, not collecting global sync generators
[NX v21.6.6 Daemon Server] - 2025-10-23T17:23:20.654Z - Time taken for 'hash changed files from watcher' 1.4314000000013039ms
[NX v21.6.6 Daemon Server] - 2025-10-23T17:23:53.300Z - [WATCHER]: Processing file changes in outputs
[NX v21.6.6 Daemon Server] - 2025-10-23T17:23:55.280Z - [WATCHER]: Processing file changes in outputs
[NX v21.6.6 Daemon Server] - 2025-10-23T17:23:57.883Z - [WATCHER]: Processing file changes in outputs
[NX v21.6.6 Daemon Server] - 2025-10-23T17:24:00.804Z - [WATCHER]: Processing file changes in outputs
[NX v21.6.6 Daemon Server] - 2025-10-23T17:24:49.331Z - [WATCHER]: Processing file changes in outputs
[NX v21.6.6 Daemon Server] - 2025-10-23T17:24:49.332Z - [WATCHER]: package-lock.json was modified
[NX v21.6.6 Daemon Server] - 2025-10-23T17:24:55.063Z - [WATCHER]: Processing file changes in outputs
[NX v21.6.6 Daemon Server] - 2025-10-23T17:24:55.064Z - [WATCHER]: package-lock.json was modified
[NX v21.6.6 Daemon Server] - 2025-10-23T17:24:55.737Z - [REQUEST]: Updated workspace context based on watched changes, recomputing project graph...
[NX v21.6.6 Daemon Server] - 2025-10-23T17:24:55.737Z - [REQUEST]: package-lock.json
[NX v21.6.6 Daemon Server] - 2025-10-23T17:24:55.737Z - [REQUEST]: 
[NX v21.6.6 Daemon Server] - 2025-10-23T17:24:55.771Z - Wrote project graph cache to C:\iot\ioBroker.admin\.nx\workspace-data\project-graph.json
[NX v21.6.6 Daemon Server] - 2025-10-23T17:24:55.771Z - [SYNC]: collect registered sync generators
[NX v21.6.6 Daemon Server] - 2025-10-23T17:24:55.772Z - [SYNC]: project graph hash is the same, not collecting task sync generators
[NX v21.6.6 Daemon Server] - 2025-10-23T17:24:55.772Z - [SYNC]: nx.json hash is the same, not collecting global sync generators
[NX v21.6.6 Daemon Server] - 2025-10-23T17:24:55.772Z - Time taken for 'hash changed files from watcher' 1.5657000000355765ms
[NX v21.6.6 Daemon Server] - 2025-10-23T17:24:57.534Z - [WATCHER]: package-lock.json was modified
[NX v21.6.6 Daemon Server] - 2025-10-23T17:24:57.535Z - [WATCHER]: Processing file changes in outputs
[NX v21.6.6 Daemon Server] - 2025-10-23T17:25:00.059Z - [WATCHER]: Processing file changes in outputs
[NX v21.6.6 Daemon Server] - 2025-10-23T17:25:00.059Z - [WATCHER]: package-lock.json was modified
[NX v21.6.6 Daemon Server] - 2025-10-23T17:25:02.573Z - [WATCHER]: package-lock.json was modified
[NX v21.6.6 Daemon Server] - 2025-10-23T17:25:02.574Z - [WATCHER]: Processing file changes in outputs
[NX v21.6.6 Daemon Server] - 2025-10-23T17:25:03.948Z - [REQUEST]: Updated workspace context based on watched changes, recomputing project graph...
[NX v21.6.6 Daemon Server] - 2025-10-23T17:25:03.948Z - [REQUEST]: package-lock.json
[NX v21.6.6 Daemon Server] - 2025-10-23T17:25:03.948Z - [REQUEST]: 
[NX v21.6.6 Daemon Server] - 2025-10-23T17:25:03.979Z - Wrote project graph cache to C:\iot\ioBroker.admin\.nx\workspace-data\project-graph.json
[NX v21.6.6 Daemon Server] - 2025-10-23T17:25:03.979Z - [SYNC]: collect registered sync generators
[NX v21.6.6 Daemon Server] - 2025-10-23T17:25:03.980Z - [SYNC]: project graph hash is the same, not collecting task sync generators
[NX v21.6.6 Daemon Server] - 2025-10-23T17:25:03.980Z - [SYNC]: nx.json hash is the same, not collecting global sync generators
[NX v21.6.6 Daemon Server] - 2025-10-23T17:25:03.980Z - Time taken for 'hash changed files from watcher' 1.4664999999804422ms
[NX v21.6.6 Daemon Server] - 2025-10-23T17:25:05.115Z - [WATCHER]: Processing file changes in outputs
[NX v21.6.6 Daemon Server] - 2025-10-23T17:25:05.116Z - [WATCHER]: package-lock.json was modified
[NX v21.6.6 Daemon Server] - 2025-10-23T17:25:07.082Z - [WATCHER]: Processing file changes in outputs
[NX v21.6.6 Daemon Server] - 2025-10-23T17:25:11.519Z - [REQUEST]: Updated workspace context based on watched changes, recomputing project graph...
[NX v21.6.6 Daemon Server] - 2025-10-23T17:25:11.520Z - [REQUEST]: package-lock.json
[NX v21.6.6 Daemon Server] - 2025-10-23T17:25:11.520Z - [REQUEST]: 
[NX v21.6.6 Daemon Server] - 2025-10-23T17:25:11.553Z - Wrote project graph cache to C:\iot\ioBroker.admin\.nx\workspace-data\project-graph.json
[NX v21.6.6 Daemon Server] - 2025-10-23T17:25:11.553Z - [SYNC]: collect registered sync generators
[NX v21.6.6 Daemon Server] - 2025-10-23T17:25:11.553Z - [SYNC]: project graph hash is the same, not collecting task sync generators
[NX v21.6.6 Daemon Server] - 2025-10-23T17:25:11.553Z - [SYNC]: nx.json hash is the same, not collecting global sync generators
[NX v21.6.6 Daemon Server] - 2025-10-23T17:25:11.556Z - Time taken for 'hash changed files from watcher' 1.3724999999976717ms
[NX v21.6.6 Daemon Server] - 2025-10-23T17:25:16.721Z - Established a connection. Number of open connections: 1
[NX v21.6.6 Daemon Server] - 2025-10-23T17:25:16.722Z - Closed a connection. Number of open connections: 0
[NX v21.6.6 Daemon Server] - 2025-10-23T17:25:16.722Z - Established a connection. Number of open connections: 1
[NX v21.6.6 Daemon Server] - 2025-10-23T17:25:16.724Z - [REQUEST]: Client Request for Project Graph Received
[NX v21.6.6 Daemon Server] - 2025-10-23T17:25:16.724Z - Reusing in-memory cached project graph because no files changed.
[NX v21.6.6 Daemon Server] - 2025-10-23T17:25:16.724Z - [REQUEST]: Responding to the client. project-graph
[NX v21.6.6 Daemon Server] - 2025-10-23T17:25:16.724Z - Time taken for 'total for creating and serializing project graph' 0.3271999999997206ms
[NX v21.6.6 Daemon Server] - 2025-10-23T17:25:16.725Z - Done responding to the client project-graph
[NX v21.6.6 Daemon Server] - 2025-10-23T17:25:16.725Z - Handled REQUEST_PROJECT_GRAPH. Handling time: 0. Response time: 1.
[NX v21.6.6 Daemon Server] - 2025-10-23T17:25:16.730Z - [REQUEST]: Responding to the client. handleContextFileData
[NX v21.6.6 Daemon Server] - 2025-10-23T17:25:16.730Z - Done responding to the client handleContextFileData
[NX v21.6.6 Daemon Server] - 2025-10-23T17:25:16.730Z - Handled GET_CONTEXT_FILE_DATA. Handling time: 1. Response time: 0.
[NX v21.6.6 Daemon Server] - 2025-10-23T17:25:16.773Z - [REQUEST]: Client Request for Project Graph Received
[NX v21.6.6 Daemon Server] - 2025-10-23T17:25:16.774Z - Reusing in-memory cached project graph because no files changed.
[NX v21.6.6 Daemon Server] - 2025-10-23T17:25:16.774Z - [REQUEST]: Responding to the client. project-graph
[NX v21.6.6 Daemon Server] - 2025-10-23T17:25:16.774Z - Time taken for 'total for creating and serializing project graph' 0.34240000002318993ms
[NX v21.6.6 Daemon Server] - 2025-10-23T17:25:16.775Z - Done responding to the client project-graph
[NX v21.6.6 Daemon Server] - 2025-10-23T17:25:16.775Z - Handled REQUEST_PROJECT_GRAPH. Handling time: 1. Response time: 1.
[NX v21.6.6 Daemon Server] - 2025-10-23T17:25:16.779Z - [REQUEST]: Responding to the client. handleRunPreTasksExecution
[NX v21.6.6 Daemon Server] - 2025-10-23T17:25:16.779Z - Time taken for 'preTasksExecution' 0.18260000000009313ms
[NX v21.6.6 Daemon Server] - 2025-10-23T17:25:16.779Z - Done responding to the client handleRunPreTasksExecution
[NX v21.6.6 Daemon Server] - 2025-10-23T17:25:16.779Z - Handled PRE_TASKS_EXECUTION. Handling time: 1. Response time: 0.
[NX v21.6.6 Daemon Server] - 2025-10-23T17:25:16.786Z - Reusing in-memory cached project graph because no files changed.
DEBUG nx::native::tasks::hash_planner: get_plans_internal COMPLETED in 1.8061ms - processed 3 tasks (setup: 1.3069ms, parallel_planning: 495.1µs)
DEBUG nx::native::tasks::hashers::hash_workspace_files: Hashing workspace fileset{cache_key="nx.json,.gitignore,.nxignore"}: Adding "10106321824326975312" (".gitignore") to hash
DEBUG nx::native::tasks::hashers::hash_workspace_files: Hashing workspace fileset{cache_key="nx.json,.gitignore,.nxignore"}: Adding "10106321824326975312" (".gitignore") to hash
DEBUG nx::native::tasks::hashers::hash_workspace_files: Hashing workspace fileset{cache_key="nx.json,.gitignore,.nxignore"}: Adding "6262955829355392551" ("nx.json") to hash
DEBUG nx::native::tasks::hashers::hash_workspace_files: Hashing workspace fileset{cache_key="nx.json,.gitignore,.nxignore"}: Adding "6262955829355392551" ("nx.json") to hash
DEBUG nx::native::tasks::hashers::hash_workspace_files: Hashing workspace fileset{cache_key="nx.json,.gitignore,.nxignore"}: Hash Value: "5746134001167475245"
DEBUG nx::native::tasks::hashers::hash_workspace_files: Hashing workspace fileset{cache_key="nx.json,.gitignore,.nxignore"}: Adding "10106321824326975312" (".gitignore") to hash
DEBUG nx::native::tasks::hashers::hash_workspace_files: Hashing workspace fileset{cache_key="nx.json,.gitignore,.nxignore"}: Hash Value: "5746134001167475245"
DEBUG nx::native::tasks::hashers::hash_workspace_files: Hashing workspace fileset{cache_key="nx.json,.gitignore,.nxignore"}: Adding "6262955829355392551" ("nx.json") to hash
DEBUG nx::native::tasks::hashers::hash_workspace_files: Hashing workspace fileset{cache_key="nx.json,.gitignore,.nxignore"}: Hash Value: "5746134001167475245"
DEBUG nx::native::tasks::task_hasher: hash_plans COMPLETED in 2.4129ms - processed 3 plans (setup: 213.9µs, hashing: 2.1975ms, assembly: 879.3µs)
[NX v21.6.6 Daemon Server] - 2025-10-23T17:25:16.796Z - [REQUEST]: Responding to the client. handleHashTasks
[NX v21.6.6 Daemon Server] - 2025-10-23T17:25:16.796Z - Done responding to the client handleHashTasks
[NX v21.6.6 Daemon Server] - 2025-10-23T17:25:16.796Z - Handled HASH_TASKS. Handling time: 10. Response time: 0.
[NX v21.6.6 Daemon Server] - 2025-10-23T17:25:16.813Z - [REQUEST]: Responding to the client. handleGetEstimatedTaskTimings
[NX v21.6.6 Daemon Server] - 2025-10-23T17:25:16.813Z - Done responding to the client handleGetEstimatedTaskTimings
[NX v21.6.6 Daemon Server] - 2025-10-23T17:25:16.813Z - Handled GET_ESTIMATED_TASK_TIMINGS. Handling time: 0. Response time: 0.
[NX v21.6.6 Daemon Server] - 2025-10-23T17:25:17.390Z - [REQUEST]: Responding to the client. recordOutputsHash
[NX v21.6.6 Daemon Server] - 2025-10-23T17:25:17.390Z - Done responding to the client recordOutputsHash
[NX v21.6.6 Daemon Server] - 2025-10-23T17:25:17.390Z - Handled RECORD_OUTPUTS_HASH. Handling time: 0. Response time: 0.
[NX v21.6.6 Daemon Server] - 2025-10-23T17:25:17.392Z - [REQUEST]: Responding to the client. recordOutputsHash
[NX v21.6.6 Daemon Server] - 2025-10-23T17:25:17.392Z - Done responding to the client recordOutputsHash
[NX v21.6.6 Daemon Server] - 2025-10-23T17:25:17.392Z - Handled RECORD_OUTPUTS_HASH. Handling time: 0. Response time: 0.
[NX v21.6.6 Daemon Server] - 2025-10-23T17:25:17.392Z - [REQUEST]: Responding to the client. recordOutputsHash
[NX v21.6.6 Daemon Server] - 2025-10-23T17:25:17.392Z - Done responding to the client recordOutputsHash
[NX v21.6.6 Daemon Server] - 2025-10-23T17:25:17.392Z - Handled RECORD_OUTPUTS_HASH. Handling time: 0. Response time: 0.
[NX v21.6.6 Daemon Server] - 2025-10-23T17:25:17.396Z - [REQUEST]: Responding to the client. handleRecordTaskRuns
[NX v21.6.6 Daemon Server] - 2025-10-23T17:25:17.396Z - Done responding to the client handleRecordTaskRuns
[NX v21.6.6 Daemon Server] - 2025-10-23T17:25:17.396Z - Handled RECORD_TASK_RUNS. Handling time: 2. Response time: 0.
[NX v21.6.6 Daemon Server] - 2025-10-23T17:25:17.396Z - [REQUEST]: Responding to the client. handleGetFlakyTasks
[NX v21.6.6 Daemon Server] - 2025-10-23T17:25:17.396Z - Done responding to the client handleGetFlakyTasks
[NX v21.6.6 Daemon Server] - 2025-10-23T17:25:17.396Z - Handled GET_FLAKY_TASKS. Handling time: 0. Response time: 0.
[NX v21.6.6 Daemon Server] - 2025-10-23T17:25:17.399Z - [REQUEST]: Responding to the client. handleRunPostTasksExecution
[NX v21.6.6 Daemon Server] - 2025-10-23T17:25:17.399Z - Time taken for 'postTasksExecution' 0.17070000001695007ms
[NX v21.6.6 Daemon Server] - 2025-10-23T17:25:17.399Z - Done responding to the client handleRunPostTasksExecution
[NX v21.6.6 Daemon Server] - 2025-10-23T17:25:17.399Z - Handled POST_TASKS_EXECUTION. Handling time: 0. Response time: 0.
[NX v21.6.6 Daemon Server] - 2025-10-23T17:25:17.402Z - Closed a connection. Number of open connections: 0
[NX v21.6.6 Daemon Server] - 2025-10-23T17:25:18.524Z - Established a connection. Number of open connections: 1
[NX v21.6.6 Daemon Server] - 2025-10-23T17:25:18.525Z - Closed a connection. Number of open connections: 0
[NX v21.6.6 Daemon Server] - 2025-10-23T17:25:18.525Z - Established a connection. Number of open connections: 1
[NX v21.6.6 Daemon Server] - 2025-10-23T17:25:18.526Z - [REQUEST]: Client Request for Project Graph Received
[NX v21.6.6 Daemon Server] - 2025-10-23T17:25:18.527Z - Reusing in-memory cached project graph because no files changed.
[NX v21.6.6 Daemon Server] - 2025-10-23T17:25:18.527Z - [REQUEST]: Responding to the client. project-graph
[NX v21.6.6 Daemon Server] - 2025-10-23T17:25:18.527Z - Time taken for 'total for creating and serializing project graph' 0.3302999999723397ms
[NX v21.6.6 Daemon Server] - 2025-10-23T17:25:18.528Z - Done responding to the client project-graph
[NX v21.6.6 Daemon Server] - 2025-10-23T17:25:18.528Z - Handled REQUEST_PROJECT_GRAPH. Handling time: 1. Response time: 1.
[NX v21.6.6 Daemon Server] - 2025-10-23T17:25:18.533Z - [REQUEST]: Responding to the client. handleContextFileData
[NX v21.6.6 Daemon Server] - 2025-10-23T17:25:18.533Z - Done responding to the client handleContextFileData
[NX v21.6.6 Daemon Server] - 2025-10-23T17:25:18.533Z - Handled GET_CONTEXT_FILE_DATA. Handling time: 1. Response time: 0.
[NX v21.6.6 Daemon Server] - 2025-10-23T17:25:18.576Z - [REQUEST]: Client Request for Project Graph Received
[NX v21.6.6 Daemon Server] - 2025-10-23T17:25:18.577Z - Reusing in-memory cached project graph because no files changed.
[NX v21.6.6 Daemon Server] - 2025-10-23T17:25:18.577Z - [REQUEST]: Responding to the client. project-graph
[NX v21.6.6 Daemon Server] - 2025-10-23T17:25:18.577Z - Time taken for 'total for creating and serializing project graph' 0.3432999999495223ms
[NX v21.6.6 Daemon Server] - 2025-10-23T17:25:18.578Z - Done responding to the client project-graph
[NX v21.6.6 Daemon Server] - 2025-10-23T17:25:18.578Z - Handled REQUEST_PROJECT_GRAPH. Handling time: 1. Response time: 1.
[NX v21.6.6 Daemon Server] - 2025-10-23T17:25:18.582Z - [REQUEST]: Responding to the client. handleRunPreTasksExecution
[NX v21.6.6 Daemon Server] - 2025-10-23T17:25:18.582Z - Time taken for 'preTasksExecution' 0.16579999995883554ms
[NX v21.6.6 Daemon Server] - 2025-10-23T17:25:18.582Z - Done responding to the client handleRunPreTasksExecution
[NX v21.6.6 Daemon Server] - 2025-10-23T17:25:18.582Z - Handled PRE_TASKS_EXECUTION. Handling time: 0. Response time: 0.
[NX v21.6.6 Daemon Server] - 2025-10-23T17:25:18.590Z - Reusing in-memory cached project graph because no files changed.
DEBUG nx::native::tasks::hash_planner: get_plans_internal COMPLETED in 1.8392ms - processed 4 tasks (setup: 1.293ms, parallel_planning: 542.6µs)
DEBUG nx::native::tasks::task_hasher: hash_plans COMPLETED in 3.3103ms - processed 4 plans (setup: 254.8µs, hashing: 3.0541ms, assembly: 1.1833ms)
[NX v21.6.6 Daemon Server] - 2025-10-23T17:25:18.596Z - [REQUEST]: Responding to the client. handleHashTasks
[NX v21.6.6 Daemon Server] - 2025-10-23T17:25:18.597Z - Done responding to the client handleHashTasks
[NX v21.6.6 Daemon Server] - 2025-10-23T17:25:18.597Z - Handled HASH_TASKS. Handling time: 6. Response time: 1.
[NX v21.6.6 Daemon Server] - 2025-10-23T17:25:18.619Z - [REQUEST]: Responding to the client. handleGetEstimatedTaskTimings
[NX v21.6.6 Daemon Server] - 2025-10-23T17:25:18.619Z - Done responding to the client handleGetEstimatedTaskTimings
[NX v21.6.6 Daemon Server] - 2025-10-23T17:25:18.619Z - Handled GET_ESTIMATED_TASK_TIMINGS. Handling time: 1. Response time: 0.
[NX v21.6.6 Daemon Server] - 2025-10-23T17:25:19.221Z - [WATCHER]: Processing file changes in outputs
[NX v21.6.6 Daemon Server] - 2025-10-23T17:25:19.281Z - [WATCHER]: Processing file changes in outputs
[NX v21.6.6 Daemon Server] - 2025-10-23T17:25:19.342Z - [WATCHER]: 0 file(s) created or restored, 2 file(s) modified, 0 file(s) deleted
[NX v21.6.6 Daemon Server] - 2025-10-23T17:25:19.342Z - [WATCHER]: Processing file changes in outputs
[NX v21.6.6 Daemon Server] - 2025-10-23T17:25:19.435Z - [WATCHER]: packages/adapter-react-v5/README.md was modified
[NX v21.6.6 Daemon Server] - 2025-10-23T17:25:19.435Z - [WATCHER]: Processing file changes in outputs
[NX v21.6.6 Daemon Server] - 2025-10-23T17:25:19.451Z - [REQUEST]: Updated workspace context based on watched changes, recomputing project graph...
[NX v21.6.6 Daemon Server] - 2025-10-23T17:25:19.451Z - [REQUEST]: packages/adapter-react-v5/src/assets/rooms.json,packages/adapter-react-v5/src/assets/devices.json,packages/adapter-react-v5/README.md
[NX v21.6.6 Daemon Server] - 2025-10-23T17:25:19.451Z - [REQUEST]: 
[NX v21.6.6 Daemon Server] - 2025-10-23T17:25:19.483Z - Wrote project graph cache to C:\iot\ioBroker.admin\.nx\workspace-data\project-graph.json
[NX v21.6.6 Daemon Server] - 2025-10-23T17:25:19.483Z - [SYNC]: collect registered sync generators
[NX v21.6.6 Daemon Server] - 2025-10-23T17:25:19.483Z - [SYNC]: project graph hash is the same, not collecting task sync generators
[NX v21.6.6 Daemon Server] - 2025-10-23T17:25:19.483Z - [SYNC]: nx.json hash is the same, not collecting global sync generators
[NX v21.6.6 Daemon Server] - 2025-10-23T17:25:19.483Z - Time taken for 'hash changed files from watcher' 1.2924999999813735ms
[NX v21.6.6 Daemon Server] - 2025-10-23T17:25:21.569Z - [WATCHER]: Processing file changes in outputs
[NX v21.6.6 Daemon Server] - 2025-10-23T17:25:21.621Z - [WATCHER]: Processing file changes in outputs
[NX v21.6.6 Daemon Server] - 2025-10-23T17:25:21.684Z - [WATCHER]: Processing file changes in outputs
[NX v21.6.6 Daemon Server] - 2025-10-23T17:25:21.701Z - [REQUEST]: Responding to the client. recordOutputsHash
[NX v21.6.6 Daemon Server] - 2025-10-23T17:25:21.701Z - Done responding to the client recordOutputsHash
[NX v21.6.6 Daemon Server] - 2025-10-23T17:25:21.701Z - Handled RECORD_OUTPUTS_HASH. Handling time: 6. Response time: 0.
[NX v21.6.6 Daemon Server] - 2025-10-23T17:25:22.894Z - [WATCHER]: Processing file changes in outputs
[NX v21.6.6 Daemon Server] - 2025-10-23T17:25:22.946Z - [WATCHER]: Processing file changes in outputs
[NX v21.6.6 Daemon Server] - 2025-10-23T17:25:22.998Z - [WATCHER]: Processing file changes in outputs
[NX v21.6.6 Daemon Server] - 2025-10-23T17:25:23.049Z - [WATCHER]: Processing file changes in outputs
[NX v21.6.6 Daemon Server] - 2025-10-23T17:25:23.105Z - [WATCHER]: Processing file changes in outputs
[NX v21.6.6 Daemon Server] - 2025-10-23T17:25:23.156Z - [WATCHER]: Processing file changes in outputs
[NX v21.6.6 Daemon Server] - 2025-10-23T17:25:23.211Z - [WATCHER]: Processing file changes in outputs
[NX v21.6.6 Daemon Server] - 2025-10-23T17:25:23.265Z - [WATCHER]: Processing file changes in outputs
[NX v21.6.6 Daemon Server] - 2025-10-23T17:25:23.298Z - [REQUEST]: Responding to the client. recordOutputsHash
[NX v21.6.6 Daemon Server] - 2025-10-23T17:25:23.299Z - Done responding to the client recordOutputsHash
[NX v21.6.6 Daemon Server] - 2025-10-23T17:25:23.299Z - Handled RECORD_OUTPUTS_HASH. Handling time: 9. Response time: 1.
[NX v21.6.6 Daemon Server] - 2025-10-23T17:25:25.766Z - [WATCHER]: Processing file changes in outputs
[NX v21.6.6 Daemon Server] - 2025-10-23T17:25:25.831Z - [WATCHER]: Processing file changes in outputs
[NX v21.6.6 Daemon Server] - 2025-10-23T17:25:25.922Z - [WATCHER]: Processing file changes in outputs
[NX v21.6.6 Daemon Server] - 2025-10-23T17:25:25.977Z - [WATCHER]: Processing file changes in outputs
[NX v21.6.6 Daemon Server] - 2025-10-23T17:25:26.031Z - [WATCHER]: Processing file changes in outputs
[NX v21.6.6 Daemon Server] - 2025-10-23T17:25:26.086Z - [WATCHER]: Processing file changes in outputs
[NX v21.6.6 Daemon Server] - 2025-10-23T17:25:26.137Z - [WATCHER]: Processing file changes in outputs
[NX v21.6.6 Daemon Server] - 2025-10-23T17:25:26.188Z - [WATCHER]: Processing file changes in outputs
[NX v21.6.6 Daemon Server] - 2025-10-23T17:25:26.341Z - [WATCHER]: Processing file changes in outputs
[NX v21.6.6 Daemon Server] - 2025-10-23T17:25:26.392Z - [WATCHER]: Processing file changes in outputs
[NX v21.6.6 Daemon Server] - 2025-10-23T17:25:26.446Z - [WATCHER]: Processing file changes in outputs
[NX v21.6.6 Daemon Server] - 2025-10-23T17:25:26.521Z - [REQUEST]: Responding to the client. recordOutputsHash
[NX v21.6.6 Daemon Server] - 2025-10-23T17:25:26.522Z - Done responding to the client recordOutputsHash
[NX v21.6.6 Daemon Server] - 2025-10-23T17:25:26.522Z - Handled RECORD_OUTPUTS_HASH. Handling time: 13. Response time: 1.
[NX v21.6.6 Daemon Server] - 2025-10-23T17:25:26.526Z - [REQUEST]: Responding to the client. handleRecordTaskRuns
[NX v21.6.6 Daemon Server] - 2025-10-23T17:25:26.526Z - Done responding to the client handleRecordTaskRuns
[NX v21.6.6 Daemon Server] - 2025-10-23T17:25:26.526Z - Handled RECORD_TASK_RUNS. Handling time: 2. Response time: 0.
[NX v21.6.6 Daemon Server] - 2025-10-23T17:25:26.527Z - [REQUEST]: Responding to the client. handleGetFlakyTasks
[NX v21.6.6 Daemon Server] - 2025-10-23T17:25:26.527Z - Done responding to the client handleGetFlakyTasks
[NX v21.6.6 Daemon Server] - 2025-10-23T17:25:26.527Z - Handled GET_FLAKY_TASKS. Handling time: 0. Response time: 0.
[NX v21.6.6 Daemon Server] - 2025-10-23T17:25:26.530Z - [REQUEST]: Responding to the client. handleRunPostTasksExecution
[NX v21.6.6 Daemon Server] - 2025-10-23T17:25:26.530Z - Time taken for 'postTasksExecution' 0.16860000003362074ms
[NX v21.6.6 Daemon Server] - 2025-10-23T17:25:26.530Z - Done responding to the client handleRunPostTasksExecution
[NX v21.6.6 Daemon Server] - 2025-10-23T17:25:26.530Z - Handled POST_TASKS_EXECUTION. Handling time: 1. Response time: 0.
[NX v21.6.6 Daemon Server] - 2025-10-23T17:25:26.532Z - Closed a connection. Number of open connections: 0
