[NX Daemon Server] - 2023-12-04T07:32:31.332Z - Started listening on: /tmp/95524bbd8937980523ed/d.sock
[NX Daemon Server] - 2023-12-04T07:32:31.335Z - [WATCHER]: Subscribed to changes within: /home/moritz/workspaces/ioBroker.admin (native)
[NX Daemon Server] - 2023-12-04T07:32:31.336Z - Established a connection. Number of open connections: 1
[NX Daemon Server] - 2023-12-04T07:32:31.337Z - Established a connection. Number of open connections: 2
[NX Daemon Server] - 2023-12-04T07:32:31.339Z - [REQUEST]: Client Request for Project Graph Received
[NX Daemon Server] - 2023-12-04T07:32:31.361Z - [REQUEST]: Updated file-hasher based on watched changes, recomputing project graph...
[NX Daemon Server] - 2023-12-04T07:32:31.361Z - [REQUEST]: 
[NX Daemon Server] - 2023-12-04T07:32:31.361Z - [REQUEST]: 
[NX Daemon Server] - 2023-12-04T07:32:31.383Z - [REQUEST]: Responding to the client. project-graph
[NX Daemon Server] - 2023-12-04T07:32:31.383Z - Done responding to the client project-graph
[NX Daemon Server] - 2023-12-04T07:32:31.383Z - Handled REQUEST_PROJECT_GRAPH. Handling time: 45. Response time: 0.
[NX Daemon Server] - 2023-12-04T07:32:31.384Z - Time taken for 'total for creating and serializing project graph' 44.46444499492645ms
[NX Daemon Server] - 2023-12-04T07:32:31.384Z - Closed a connection. Number of open connections: 1
[NX Daemon Server] - 2023-12-04T07:32:31.406Z - Closed a connection. Number of open connections: 0
[NX Daemon Server] - 2023-12-04T07:33:19.068Z - Established a connection. Number of open connections: 1
[NX Daemon Server] - 2023-12-04T07:33:19.069Z - Closed a connection. Number of open connections: 0
[NX Daemon Server] - 2023-12-04T07:33:19.070Z - Established a connection. Number of open connections: 1
[NX Daemon Server] - 2023-12-04T07:33:19.070Z - [REQUEST]: Client Request for Project Graph Received
[NX Daemon Server] - 2023-12-04T07:33:19.071Z - [REQUEST]: Responding to the client. project-graph
[NX Daemon Server] - 2023-12-04T07:33:19.071Z - Done responding to the client project-graph
[NX Daemon Server] - 2023-12-04T07:33:19.071Z - Handled REQUEST_PROJECT_GRAPH. Handling time: 1. Response time: 0.
[NX Daemon Server] - 2023-12-04T07:33:19.071Z - Time taken for 'total for creating and serializing project graph' 0.11193406581878662ms
[NX Daemon Server] - 2023-12-04T07:33:19.090Z - Closed a connection. Number of open connections: 0
[NX Daemon Server] - 2023-12-04T07:36:54.704Z - [WATCHER]: Processing file changes in outputs
[NX Daemon Server] - 2023-12-04T07:50:14.410Z - [WATCHER]: Processing file changes in outputs
[NX Daemon Server] - 2023-12-04T07:50:14.414Z - [WATCHER]: 2 file(s) created or restored, 0 file(s) modified, 0 file(s) deleted
[NX Daemon Server] - 2023-12-04T07:50:14.415Z - [WATCHER]: Stopping the watcher for /home/moritz/workspaces/ioBroker.admin (sources)
[NX Daemon Server] - 2023-12-04T07:50:14.415Z - [WATCHER]: Stopping the watcher for /home/moritz/workspaces/ioBroker.admin (outputs)
[NX Daemon Server] - 2023-12-04T07:50:14.415Z - Server stopped because: "Stopping the daemon the set of ignored files changed (native)"
